mode: set
final-project-enigma-clean/delivery/controller/asset_controller.go:17.62,21.16 3 1
final-project-enigma-clean/delivery/controller/asset_controller.go:21.16,24.3 2 1
final-project-enigma-clean/delivery/controller/asset_controller.go:26.2,27.16 2 1
final-project-enigma-clean/delivery/controller/asset_controller.go:27.16,30.3 2 1
final-project-enigma-clean/delivery/controller/asset_controller.go:32.2,32.101 1 1
final-project-enigma-clean/delivery/controller/asset_controller.go:36.60,41.16 4 1
final-project-enigma-clean/delivery/controller/asset_controller.go:41.16,43.17 2 1
final-project-enigma-clean/delivery/controller/asset_controller.go:43.17,46.4 2 1
final-project-enigma-clean/delivery/controller/asset_controller.go:48.3,52.9 2 1
final-project-enigma-clean/delivery/controller/asset_controller.go:56.2,60.16 2 1
final-project-enigma-clean/delivery/controller/asset_controller.go:60.16,63.3 2 1
final-project-enigma-clean/delivery/controller/asset_controller.go:64.2,68.4 1 1
final-project-enigma-clean/delivery/controller/asset_controller.go:71.60,76.16 3 1
final-project-enigma-clean/delivery/controller/asset_controller.go:76.16,79.3 2 1
final-project-enigma-clean/delivery/controller/asset_controller.go:81.2,84.4 1 1
final-project-enigma-clean/delivery/controller/asset_controller.go:87.58,91.16 3 1
final-project-enigma-clean/delivery/controller/asset_controller.go:91.16,94.3 2 1
final-project-enigma-clean/delivery/controller/asset_controller.go:96.2,97.16 2 1
final-project-enigma-clean/delivery/controller/asset_controller.go:97.16,100.3 2 1
final-project-enigma-clean/delivery/controller/asset_controller.go:102.2,102.76 1 1
final-project-enigma-clean/delivery/controller/asset_controller.go:105.57,110.16 3 1
final-project-enigma-clean/delivery/controller/asset_controller.go:110.16,113.3 2 1
final-project-enigma-clean/delivery/controller/asset_controller.go:115.2,115.76 1 1
final-project-enigma-clean/delivery/controller/asset_controller.go:119.35,125.2 5 1
final-project-enigma-clean/delivery/controller/asset_controller.go:128.93,133.2 1 1
final-project-enigma-clean/delivery/controller/category_controller.go:16.69,18.52 2 1
final-project-enigma-clean/delivery/controller/category_controller.go:18.52,23.3 2 1
final-project-enigma-clean/delivery/controller/category_controller.go:25.2,26.16 2 1
final-project-enigma-clean/delivery/controller/category_controller.go:26.16,31.3 2 1
final-project-enigma-clean/delivery/controller/category_controller.go:32.2,35.23 2 1
final-project-enigma-clean/delivery/controller/category_controller.go:37.67,40.16 2 1
final-project-enigma-clean/delivery/controller/category_controller.go:40.16,45.3 2 1
final-project-enigma-clean/delivery/controller/category_controller.go:46.2,50.23 2 1
final-project-enigma-clean/delivery/controller/category_controller.go:52.72,55.16 3 1
final-project-enigma-clean/delivery/controller/category_controller.go:55.16,60.3 2 1
final-project-enigma-clean/delivery/controller/category_controller.go:61.2,65.23 2 1
final-project-enigma-clean/delivery/controller/category_controller.go:69.69,71.52 2 1
final-project-enigma-clean/delivery/controller/category_controller.go:71.52,76.3 2 1
final-project-enigma-clean/delivery/controller/category_controller.go:77.2,78.16 2 1
final-project-enigma-clean/delivery/controller/category_controller.go:78.16,83.3 2 1
final-project-enigma-clean/delivery/controller/category_controller.go:84.2,86.4 1 1
final-project-enigma-clean/delivery/controller/category_controller.go:88.69,90.49 2 1
final-project-enigma-clean/delivery/controller/category_controller.go:90.49,95.3 2 1
final-project-enigma-clean/delivery/controller/category_controller.go:96.2,99.4 2 1
final-project-enigma-clean/delivery/controller/category_controller.go:101.39,107.2 5 1
final-project-enigma-clean/delivery/controller/category_controller.go:109.105,114.2 1 1
final-project-enigma-clean/delivery/controller/manage_asset_controller.go:17.68,20.16 2 0
final-project-enigma-clean/delivery/controller/manage_asset_controller.go:20.16,23.3 2 0
final-project-enigma-clean/delivery/controller/manage_asset_controller.go:24.2,24.59 1 0
final-project-enigma-clean/delivery/controller/manage_asset_controller.go:29.70,32.58 2 0
final-project-enigma-clean/delivery/controller/manage_asset_controller.go:32.58,35.3 2 0
final-project-enigma-clean/delivery/controller/manage_asset_controller.go:37.2,37.74 1 0
final-project-enigma-clean/delivery/controller/manage_asset_controller.go:37.74,40.3 2 0
final-project-enigma-clean/delivery/controller/manage_asset_controller.go:42.2,43.8 2 0
final-project-enigma-clean/delivery/controller/manage_asset_controller.go:47.68,51.16 3 0
final-project-enigma-clean/delivery/controller/manage_asset_controller.go:51.16,54.3 2 0
final-project-enigma-clean/delivery/controller/manage_asset_controller.go:56.2,56.42 1 0
final-project-enigma-clean/delivery/controller/manage_asset_controller.go:59.61,63.16 3 0
final-project-enigma-clean/delivery/controller/manage_asset_controller.go:63.16,66.3 2 0
final-project-enigma-clean/delivery/controller/manage_asset_controller.go:68.2,69.16 2 0
final-project-enigma-clean/delivery/controller/manage_asset_controller.go:69.16,72.3 2 0
final-project-enigma-clean/delivery/controller/manage_asset_controller.go:74.2,74.36 1 0
final-project-enigma-clean/delivery/controller/manage_asset_controller.go:77.40,82.2 4 0
final-project-enigma-clean/delivery/controller/manage_asset_controller.go:84.107,89.2 1 0
final-project-enigma-clean/delivery/controller/staff_controller.go:19.62,21.49 2 0
final-project-enigma-clean/delivery/controller/staff_controller.go:21.49,26.3 2 0
final-project-enigma-clean/delivery/controller/staff_controller.go:27.2,28.16 2 0
final-project-enigma-clean/delivery/controller/staff_controller.go:28.16,33.3 2 0
final-project-enigma-clean/delivery/controller/staff_controller.go:34.2,37.23 2 0
final-project-enigma-clean/delivery/controller/staff_controller.go:39.60,46.16 4 0
final-project-enigma-clean/delivery/controller/staff_controller.go:46.16,51.3 2 0
final-project-enigma-clean/delivery/controller/staff_controller.go:52.2,57.23 2 0
final-project-enigma-clean/delivery/controller/staff_controller.go:59.65,62.16 3 0
final-project-enigma-clean/delivery/controller/staff_controller.go:62.16,67.3 2 0
final-project-enigma-clean/delivery/controller/staff_controller.go:68.2,72.23 2 0
final-project-enigma-clean/delivery/controller/staff_controller.go:75.67,78.16 3 0
final-project-enigma-clean/delivery/controller/staff_controller.go:78.16,83.3 2 0
final-project-enigma-clean/delivery/controller/staff_controller.go:84.2,88.23 2 0
final-project-enigma-clean/delivery/controller/staff_controller.go:90.62,92.49 2 0
final-project-enigma-clean/delivery/controller/staff_controller.go:92.49,97.3 2 0
final-project-enigma-clean/delivery/controller/staff_controller.go:98.2,99.16 2 0
final-project-enigma-clean/delivery/controller/staff_controller.go:99.16,104.3 2 0
final-project-enigma-clean/delivery/controller/staff_controller.go:105.2,107.4 1 0
final-project-enigma-clean/delivery/controller/staff_controller.go:109.62,111.52 2 0
final-project-enigma-clean/delivery/controller/staff_controller.go:111.52,116.3 2 0
final-project-enigma-clean/delivery/controller/staff_controller.go:117.2,120.4 2 0
final-project-enigma-clean/delivery/controller/staff_controller.go:122.35,129.2 6 0
final-project-enigma-clean/delivery/controller/staff_controller.go:131.93,136.2 1 0
final-project-enigma-clean/delivery/controller/type_asset_controller.go:19.70,21.53 2 0
final-project-enigma-clean/delivery/controller/type_asset_controller.go:21.53,26.3 2 0
final-project-enigma-clean/delivery/controller/type_asset_controller.go:28.2,29.16 2 0
final-project-enigma-clean/delivery/controller/type_asset_controller.go:29.16,34.3 2 0
final-project-enigma-clean/delivery/controller/type_asset_controller.go:35.2,38.23 2 0
final-project-enigma-clean/delivery/controller/type_asset_controller.go:40.68,47.16 4 0
final-project-enigma-clean/delivery/controller/type_asset_controller.go:47.16,52.3 2 0
final-project-enigma-clean/delivery/controller/type_asset_controller.go:53.2,58.23 2 0
final-project-enigma-clean/delivery/controller/type_asset_controller.go:60.73,63.16 3 0
final-project-enigma-clean/delivery/controller/type_asset_controller.go:63.16,68.3 2 0
final-project-enigma-clean/delivery/controller/type_asset_controller.go:69.2,73.23 2 0
final-project-enigma-clean/delivery/controller/type_asset_controller.go:76.75,79.16 3 0
final-project-enigma-clean/delivery/controller/type_asset_controller.go:79.16,84.3 2 0
final-project-enigma-clean/delivery/controller/type_asset_controller.go:85.2,89.23 2 0
final-project-enigma-clean/delivery/controller/type_asset_controller.go:91.70,93.53 2 0
final-project-enigma-clean/delivery/controller/type_asset_controller.go:93.53,98.3 2 0
final-project-enigma-clean/delivery/controller/type_asset_controller.go:99.2,100.16 2 0
final-project-enigma-clean/delivery/controller/type_asset_controller.go:100.16,105.3 2 0
final-project-enigma-clean/delivery/controller/type_asset_controller.go:106.2,108.4 1 0
final-project-enigma-clean/delivery/controller/type_asset_controller.go:110.70,112.49 2 0
final-project-enigma-clean/delivery/controller/type_asset_controller.go:112.49,117.3 2 0
final-project-enigma-clean/delivery/controller/type_asset_controller.go:118.2,121.4 2 0
final-project-enigma-clean/delivery/controller/type_asset_controller.go:123.39,130.2 6 0
final-project-enigma-clean/delivery/controller/type_asset_controller.go:132.109,137.2 1 0
final-project-enigma-clean/delivery/controller/user-credentials-controller.go:20.62,24.54 2 0
final-project-enigma-clean/delivery/controller/user-credentials-controller.go:24.54,27.3 2 0
final-project-enigma-clean/delivery/controller/user-credentials-controller.go:29.2,29.58 1 0
final-project-enigma-clean/delivery/controller/user-credentials-controller.go:29.58,32.3 2 0
final-project-enigma-clean/delivery/controller/user-credentials-controller.go:34.2,34.56 1 0
final-project-enigma-clean/delivery/controller/user-credentials-controller.go:38.59,42.53 2 0
final-project-enigma-clean/delivery/controller/user-credentials-controller.go:42.53,45.3 2 0
final-project-enigma-clean/delivery/controller/user-credentials-controller.go:47.2,48.16 2 0
final-project-enigma-clean/delivery/controller/user-credentials-controller.go:48.16,51.3 2 0
final-project-enigma-clean/delivery/controller/user-credentials-controller.go:53.2,55.94 2 0
final-project-enigma-clean/delivery/controller/user-credentials-controller.go:59.58,67.51 2 0
final-project-enigma-clean/delivery/controller/user-credentials-controller.go:67.51,70.3 2 0
final-project-enigma-clean/delivery/controller/user-credentials-controller.go:73.2,74.13 2 0
final-project-enigma-clean/delivery/controller/user-credentials-controller.go:74.13,77.3 2 0
final-project-enigma-clean/delivery/controller/user-credentials-controller.go:80.2,80.30 1 0
final-project-enigma-clean/delivery/controller/user-credentials-controller.go:80.30,82.17 2 0
final-project-enigma-clean/delivery/controller/user-credentials-controller.go:82.17,85.4 2 0
final-project-enigma-clean/delivery/controller/user-credentials-controller.go:86.3,88.69 2 0
final-project-enigma-clean/delivery/controller/user-credentials-controller.go:92.60,96.53 2 0
final-project-enigma-clean/delivery/controller/user-credentials-controller.go:96.53,99.3 2 0
final-project-enigma-clean/delivery/controller/user-credentials-controller.go:102.2,103.16 2 0
final-project-enigma-clean/delivery/controller/user-credentials-controller.go:103.16,106.3 2 0
final-project-enigma-clean/delivery/controller/user-credentials-controller.go:108.2,108.130 1 0
final-project-enigma-clean/delivery/controller/user-credentials-controller.go:111.63,121.51 2 0
final-project-enigma-clean/delivery/controller/user-credentials-controller.go:121.51,124.3 2 0
final-project-enigma-clean/delivery/controller/user-credentials-controller.go:127.2,131.13 3 0
final-project-enigma-clean/delivery/controller/user-credentials-controller.go:131.13,134.3 2 0
final-project-enigma-clean/delivery/controller/user-credentials-controller.go:137.2,137.30 1 0
final-project-enigma-clean/delivery/controller/user-credentials-controller.go:137.30,142.17 3 0
final-project-enigma-clean/delivery/controller/user-credentials-controller.go:142.17,145.4 2 0
final-project-enigma-clean/delivery/controller/user-credentials-controller.go:148.3,148.103 1 0
final-project-enigma-clean/delivery/controller/user-credentials-controller.go:148.103,151.4 2 0
final-project-enigma-clean/delivery/controller/user-credentials-controller.go:154.3,155.17 2 0
final-project-enigma-clean/delivery/controller/user-credentials-controller.go:155.17,158.4 2 0
final-project-enigma-clean/delivery/controller/user-credentials-controller.go:160.3,160.80 1 0
final-project-enigma-clean/delivery/controller/user-credentials-controller.go:160.80,163.4 2 0
final-project-enigma-clean/delivery/controller/user-credentials-controller.go:165.3,165.64 1 0
final-project-enigma-clean/delivery/controller/user-credentials-controller.go:170.34,171.2 1 0
final-project-enigma-clean/delivery/controller/user-credentials-controller.go:171.2,177.3 5 0
final-project-enigma-clean/delivery/controller/user-credentials-controller.go:180.99,185.2 1 0
