mode: set
final-project-enigma-clean/delivery/controller/user-controller.go:15.62,18.58 2 0
final-project-enigma-clean/delivery/controller/user-controller.go:24.2,24.56 1 0
final-project-enigma-clean/delivery/controller/user-controller.go:29.2,29.56 1 0
final-project-enigma-clean/delivery/controller/user-controller.go:18.58,21.3 2 0
final-project-enigma-clean/delivery/controller/user-controller.go:24.56,27.3 2 0
final-project-enigma-clean/delivery/controller/user-controller.go:32.46,34.2 0 0
final-project-enigma-clean/delivery/controller/user-controller.go:36.34,39.2 3 0
final-project-enigma-clean/delivery/controller/user-controller.go:39.2,41.3 1 0
final-project-enigma-clean/delivery/controller/user-controller.go:44.83,49.2 1 0
final-project-enigma-clean/delivery/controller/userdetails-controller.go:15.65,18.52 2 1
final-project-enigma-clean/delivery/controller/userdetails-controller.go:24.2,24.62 1 1
final-project-enigma-clean/delivery/controller/userdetails-controller.go:29.2,29.38 1 1
final-project-enigma-clean/delivery/controller/userdetails-controller.go:18.52,21.3 2 1
final-project-enigma-clean/delivery/controller/userdetails-controller.go:24.62,27.3 2 0
final-project-enigma-clean/delivery/controller/userdetails-controller.go:33.41,37.2 3 1
final-project-enigma-clean/delivery/controller/userdetails-controller.go:37.2,39.3 1 1
final-project-enigma-clean/delivery/controller/userdetails-controller.go:42.106,47.2 1 0
