mode: set
final-project-enigma-clean/delivery/controller/asset_controller.go:15.62,19.16 3 1
final-project-enigma-clean/delivery/controller/asset_controller.go:19.16,22.3 2 1
final-project-enigma-clean/delivery/controller/asset_controller.go:24.2,25.16 2 1
final-project-enigma-clean/delivery/controller/asset_controller.go:25.16,28.3 2 1
final-project-enigma-clean/delivery/controller/asset_controller.go:30.2,30.100 1 1
final-project-enigma-clean/delivery/controller/asset_controller.go:34.60,36.16 2 1
final-project-enigma-clean/delivery/controller/asset_controller.go:36.16,38.17 2 1
final-project-enigma-clean/delivery/controller/asset_controller.go:38.17,41.4 2 1
final-project-enigma-clean/delivery/controller/asset_controller.go:43.3,47.9 2 1
final-project-enigma-clean/delivery/controller/asset_controller.go:50.2,51.16 2 1
final-project-enigma-clean/delivery/controller/asset_controller.go:51.16,54.3 2 1
final-project-enigma-clean/delivery/controller/asset_controller.go:55.2,58.4 1 1
final-project-enigma-clean/delivery/controller/asset_controller.go:61.59,66.16 3 1
final-project-enigma-clean/delivery/controller/asset_controller.go:66.16,69.3 2 1
final-project-enigma-clean/delivery/controller/asset_controller.go:71.2,74.4 1 1
final-project-enigma-clean/delivery/controller/asset_controller.go:77.57,81.16 3 1
final-project-enigma-clean/delivery/controller/asset_controller.go:81.16,84.3 2 1
final-project-enigma-clean/delivery/controller/asset_controller.go:86.2,87.16 2 1
final-project-enigma-clean/delivery/controller/asset_controller.go:87.16,90.3 2 1
final-project-enigma-clean/delivery/controller/asset_controller.go:92.2,92.76 1 1
final-project-enigma-clean/delivery/controller/asset_controller.go:95.57,100.16 3 1
final-project-enigma-clean/delivery/controller/asset_controller.go:100.16,103.3 2 1
final-project-enigma-clean/delivery/controller/asset_controller.go:105.2,105.76 1 1
final-project-enigma-clean/delivery/controller/asset_controller.go:108.35,114.2 5 1
final-project-enigma-clean/delivery/controller/asset_controller.go:116.93,121.2 1 1
final-project-enigma-clean/delivery/controller/category_controller.go:16.69,18.52 2 1
final-project-enigma-clean/delivery/controller/category_controller.go:18.52,23.3 2 1
final-project-enigma-clean/delivery/controller/category_controller.go:25.2,26.16 2 1
final-project-enigma-clean/delivery/controller/category_controller.go:26.16,31.3 2 1
final-project-enigma-clean/delivery/controller/category_controller.go:32.2,35.23 2 1
final-project-enigma-clean/delivery/controller/category_controller.go:37.67,40.16 2 1
final-project-enigma-clean/delivery/controller/category_controller.go:40.16,45.3 2 1
final-project-enigma-clean/delivery/controller/category_controller.go:46.2,50.23 2 1
final-project-enigma-clean/delivery/controller/category_controller.go:52.72,55.16 3 1
final-project-enigma-clean/delivery/controller/category_controller.go:55.16,60.3 2 1
final-project-enigma-clean/delivery/controller/category_controller.go:61.2,65.23 2 1
final-project-enigma-clean/delivery/controller/category_controller.go:69.69,71.52 2 1
final-project-enigma-clean/delivery/controller/category_controller.go:71.52,76.3 2 1
final-project-enigma-clean/delivery/controller/category_controller.go:77.2,78.16 2 1
final-project-enigma-clean/delivery/controller/category_controller.go:78.16,83.3 2 1
final-project-enigma-clean/delivery/controller/category_controller.go:84.2,86.4 1 1
final-project-enigma-clean/delivery/controller/category_controller.go:88.69,90.49 2 1
final-project-enigma-clean/delivery/controller/category_controller.go:90.49,95.3 2 1
final-project-enigma-clean/delivery/controller/category_controller.go:96.2,99.4 2 1
final-project-enigma-clean/delivery/controller/category_controller.go:101.39,107.2 5 1
final-project-enigma-clean/delivery/controller/category_controller.go:109.105,114.2 1 1
final-project-enigma-clean/delivery/controller/manage_asset_controller.go:17.68,20.16 2 0
final-project-enigma-clean/delivery/controller/manage_asset_controller.go:20.16,23.3 2 0
final-project-enigma-clean/delivery/controller/manage_asset_controller.go:24.2,24.59 1 0
final-project-enigma-clean/delivery/controller/manage_asset_controller.go:29.70,32.58 2 0
final-project-enigma-clean/delivery/controller/manage_asset_controller.go:32.58,35.3 2 0
final-project-enigma-clean/delivery/controller/manage_asset_controller.go:37.2,37.74 1 0
final-project-enigma-clean/delivery/controller/manage_asset_controller.go:37.74,40.3 2 0
final-project-enigma-clean/delivery/controller/manage_asset_controller.go:42.2,43.8 2 0
final-project-enigma-clean/delivery/controller/manage_asset_controller.go:47.68,51.16 3 0
final-project-enigma-clean/delivery/controller/manage_asset_controller.go:51.16,54.3 2 0
final-project-enigma-clean/delivery/controller/manage_asset_controller.go:56.2,56.42 1 0
final-project-enigma-clean/delivery/controller/manage_asset_controller.go:59.61,63.16 3 0
final-project-enigma-clean/delivery/controller/manage_asset_controller.go:63.16,66.3 2 0
final-project-enigma-clean/delivery/controller/manage_asset_controller.go:68.2,69.16 2 0
final-project-enigma-clean/delivery/controller/manage_asset_controller.go:69.16,72.3 2 0
final-project-enigma-clean/delivery/controller/manage_asset_controller.go:74.2,74.36 1 0
final-project-enigma-clean/delivery/controller/manage_asset_controller.go:77.40,82.2 4 0
final-project-enigma-clean/delivery/controller/manage_asset_controller.go:84.107,89.2 1 0
final-project-enigma-clean/delivery/controller/staff_controller.go:19.62,21.49 2 1
final-project-enigma-clean/delivery/controller/staff_controller.go:21.49,26.3 2 1
final-project-enigma-clean/delivery/controller/staff_controller.go:27.2,28.16 2 1
final-project-enigma-clean/delivery/controller/staff_controller.go:28.16,33.3 2 1
final-project-enigma-clean/delivery/controller/staff_controller.go:34.2,37.23 2 1
final-project-enigma-clean/delivery/controller/staff_controller.go:39.60,46.16 4 0
final-project-enigma-clean/delivery/controller/staff_controller.go:46.16,51.3 2 0
final-project-enigma-clean/delivery/controller/staff_controller.go:52.2,57.23 2 0
final-project-enigma-clean/delivery/controller/staff_controller.go:59.65,62.16 3 1
final-project-enigma-clean/delivery/controller/staff_controller.go:62.16,67.3 2 1
final-project-enigma-clean/delivery/controller/staff_controller.go:68.2,72.23 2 1
final-project-enigma-clean/delivery/controller/staff_controller.go:75.67,78.16 3 1
final-project-enigma-clean/delivery/controller/staff_controller.go:78.16,83.3 2 1
final-project-enigma-clean/delivery/controller/staff_controller.go:84.2,88.23 2 1
final-project-enigma-clean/delivery/controller/staff_controller.go:90.62,92.49 2 1
final-project-enigma-clean/delivery/controller/staff_controller.go:92.49,97.3 2 1
final-project-enigma-clean/delivery/controller/staff_controller.go:98.2,99.16 2 1
final-project-enigma-clean/delivery/controller/staff_controller.go:99.16,104.3 2 1
final-project-enigma-clean/delivery/controller/staff_controller.go:105.2,107.4 1 1
final-project-enigma-clean/delivery/controller/staff_controller.go:109.62,111.52 2 1
final-project-enigma-clean/delivery/controller/staff_controller.go:111.52,116.3 2 1
final-project-enigma-clean/delivery/controller/staff_controller.go:117.2,120.4 2 1
final-project-enigma-clean/delivery/controller/staff_controller.go:122.35,129.2 6 1
final-project-enigma-clean/delivery/controller/staff_controller.go:131.93,136.2 1 1
final-project-enigma-clean/delivery/controller/type_asset_controller.go:19.70,21.53 2 1
final-project-enigma-clean/delivery/controller/type_asset_controller.go:21.53,26.3 2 1
final-project-enigma-clean/delivery/controller/type_asset_controller.go:28.2,29.16 2 1
final-project-enigma-clean/delivery/controller/type_asset_controller.go:29.16,34.3 2 1
final-project-enigma-clean/delivery/controller/type_asset_controller.go:35.2,38.23 2 1
final-project-enigma-clean/delivery/controller/type_asset_controller.go:40.68,47.16 4 0
final-project-enigma-clean/delivery/controller/type_asset_controller.go:47.16,52.3 2 0
final-project-enigma-clean/delivery/controller/type_asset_controller.go:53.2,58.23 2 0
final-project-enigma-clean/delivery/controller/type_asset_controller.go:60.73,63.16 3 1
final-project-enigma-clean/delivery/controller/type_asset_controller.go:63.16,68.3 2 1
final-project-enigma-clean/delivery/controller/type_asset_controller.go:69.2,73.23 2 1
final-project-enigma-clean/delivery/controller/type_asset_controller.go:76.75,79.16 3 1
final-project-enigma-clean/delivery/controller/type_asset_controller.go:79.16,84.3 2 1
final-project-enigma-clean/delivery/controller/type_asset_controller.go:85.2,89.23 2 1
final-project-enigma-clean/delivery/controller/type_asset_controller.go:91.70,93.53 2 1
final-project-enigma-clean/delivery/controller/type_asset_controller.go:93.53,98.3 2 1
final-project-enigma-clean/delivery/controller/type_asset_controller.go:99.2,100.16 2 1
final-project-enigma-clean/delivery/controller/type_asset_controller.go:100.16,105.3 2 1
final-project-enigma-clean/delivery/controller/type_asset_controller.go:106.2,108.4 1 1
final-project-enigma-clean/delivery/controller/type_asset_controller.go:110.70,112.49 2 1
final-project-enigma-clean/delivery/controller/type_asset_controller.go:112.49,117.3 2 1
final-project-enigma-clean/delivery/controller/type_asset_controller.go:118.2,121.4 2 1
final-project-enigma-clean/delivery/controller/type_asset_controller.go:123.39,130.2 6 1
final-project-enigma-clean/delivery/controller/type_asset_controller.go:132.109,137.2 1 1
final-project-enigma-clean/delivery/controller/user-credentials-controller.go:20.62,24.54 2 1
final-project-enigma-clean/delivery/controller/user-credentials-controller.go:24.54,27.3 2 0
final-project-enigma-clean/delivery/controller/user-credentials-controller.go:29.2,29.58 1 1
final-project-enigma-clean/delivery/controller/user-credentials-controller.go:29.58,32.3 2 1
final-project-enigma-clean/delivery/controller/user-credentials-controller.go:34.2,34.56 1 1
final-project-enigma-clean/delivery/controller/user-credentials-controller.go:38.59,42.53 2 1
final-project-enigma-clean/delivery/controller/user-credentials-controller.go:42.53,45.3 2 0
final-project-enigma-clean/delivery/controller/user-credentials-controller.go:47.2,48.16 2 1
final-project-enigma-clean/delivery/controller/user-credentials-controller.go:48.16,51.3 2 0
final-project-enigma-clean/delivery/controller/user-credentials-controller.go:53.2,55.94 2 1
final-project-enigma-clean/delivery/controller/user-credentials-controller.go:59.58,67.51 2 1
final-project-enigma-clean/delivery/controller/user-credentials-controller.go:67.51,70.3 2 0
final-project-enigma-clean/delivery/controller/user-credentials-controller.go:73.2,74.13 2 1
final-project-enigma-clean/delivery/controller/user-credentials-controller.go:74.13,77.3 2 1
final-project-enigma-clean/delivery/controller/user-credentials-controller.go:80.2,80.30 1 1
final-project-enigma-clean/delivery/controller/user-credentials-controller.go:80.30,82.17 2 1
final-project-enigma-clean/delivery/controller/user-credentials-controller.go:82.17,85.4 2 0
final-project-enigma-clean/delivery/controller/user-credentials-controller.go:86.3,88.69 2 1
final-project-enigma-clean/delivery/controller/user-credentials-controller.go:92.60,96.53 2 1
final-project-enigma-clean/delivery/controller/user-credentials-controller.go:96.53,99.3 2 1
final-project-enigma-clean/delivery/controller/user-credentials-controller.go:102.2,103.16 2 1
final-project-enigma-clean/delivery/controller/user-credentials-controller.go:103.16,106.3 2 0
final-project-enigma-clean/delivery/controller/user-credentials-controller.go:108.2,108.130 1 1
final-project-enigma-clean/delivery/controller/user-credentials-controller.go:111.63,121.51 2 1
final-project-enigma-clean/delivery/controller/user-credentials-controller.go:121.51,124.3 2 1
final-project-enigma-clean/delivery/controller/user-credentials-controller.go:127.2,131.13 3 0
final-project-enigma-clean/delivery/controller/user-credentials-controller.go:131.13,134.3 2 0
final-project-enigma-clean/delivery/controller/user-credentials-controller.go:137.2,137.30 1 0
final-project-enigma-clean/delivery/controller/user-credentials-controller.go:137.30,142.17 3 0
final-project-enigma-clean/delivery/controller/user-credentials-controller.go:142.17,145.4 2 0
final-project-enigma-clean/delivery/controller/user-credentials-controller.go:148.3,148.103 1 0
final-project-enigma-clean/delivery/controller/user-credentials-controller.go:148.103,151.4 2 0
final-project-enigma-clean/delivery/controller/user-credentials-controller.go:154.3,155.17 2 0
final-project-enigma-clean/delivery/controller/user-credentials-controller.go:155.17,158.4 2 0
final-project-enigma-clean/delivery/controller/user-credentials-controller.go:160.3,160.80 1 0
final-project-enigma-clean/delivery/controller/user-credentials-controller.go:160.80,163.4 2 0
final-project-enigma-clean/delivery/controller/user-credentials-controller.go:165.3,165.64 1 0
final-project-enigma-clean/delivery/controller/user-credentials-controller.go:170.34,171.2 1 1
final-project-enigma-clean/delivery/controller/user-credentials-controller.go:171.2,177.3 5 1
final-project-enigma-clean/delivery/controller/user-credentials-controller.go:180.99,185.2 1 1
final-project-enigma-clean/repository/asset_repository.go:26.94,34.16 3 0
final-project-enigma-clean/repository/asset_repository.go:34.16,36.3 1 0
final-project-enigma-clean/repository/asset_repository.go:38.2,39.18 2 0
final-project-enigma-clean/repository/asset_repository.go:39.18,42.17 3 0
final-project-enigma-clean/repository/asset_repository.go:42.17,44.4 1 0
final-project-enigma-clean/repository/asset_repository.go:45.3,45.33 1 0
final-project-enigma-clean/repository/asset_repository.go:47.2,49.41 3 0
final-project-enigma-clean/repository/asset_repository.go:49.41,51.3 1 0
final-project-enigma-clean/repository/asset_repository.go:53.2,60.25 2 0
final-project-enigma-clean/repository/asset_repository.go:64.69,68.16 3 0
final-project-enigma-clean/repository/asset_repository.go:68.16,70.3 1 0
final-project-enigma-clean/repository/asset_repository.go:72.2,72.12 1 0
final-project-enigma-clean/repository/asset_repository.go:76.74,84.16 3 0
final-project-enigma-clean/repository/asset_repository.go:84.16,86.3 1 0
final-project-enigma-clean/repository/asset_repository.go:88.2,89.18 2 0
final-project-enigma-clean/repository/asset_repository.go:89.18,93.3 3 0
final-project-enigma-clean/repository/asset_repository.go:94.2,94.23 1 0
final-project-enigma-clean/repository/asset_repository.go:94.23,96.3 1 0
final-project-enigma-clean/repository/asset_repository.go:98.2,98.20 1 0
final-project-enigma-clean/repository/asset_repository.go:103.51,108.16 3 1
final-project-enigma-clean/repository/asset_repository.go:108.16,110.3 1 1
final-project-enigma-clean/repository/asset_repository.go:112.2,112.12 1 1
final-project-enigma-clean/repository/asset_repository.go:116.60,125.16 3 1
final-project-enigma-clean/repository/asset_repository.go:125.16,127.3 1 1
final-project-enigma-clean/repository/asset_repository.go:129.2,130.18 2 1
final-project-enigma-clean/repository/asset_repository.go:130.18,134.3 3 1
final-project-enigma-clean/repository/asset_repository.go:135.2,135.23 1 1
final-project-enigma-clean/repository/asset_repository.go:135.23,137.3 1 1
final-project-enigma-clean/repository/asset_repository.go:139.2,139.20 1 1
final-project-enigma-clean/repository/asset_repository.go:143.68,153.16 5 1
final-project-enigma-clean/repository/asset_repository.go:153.16,155.3 1 1
final-project-enigma-clean/repository/asset_repository.go:157.2,157.19 1 1
final-project-enigma-clean/repository/asset_repository.go:161.64,165.16 3 1
final-project-enigma-clean/repository/asset_repository.go:165.16,167.3 1 1
final-project-enigma-clean/repository/asset_repository.go:169.2,169.12 1 1
final-project-enigma-clean/repository/asset_repository.go:173.66,177.16 3 1
final-project-enigma-clean/repository/asset_repository.go:177.16,179.3 1 1
final-project-enigma-clean/repository/asset_repository.go:181.2,181.12 1 1
final-project-enigma-clean/repository/asset_repository.go:184.53,188.2 1 1
final-project-enigma-clean/repository/category_repository.go:21.74,25.16 4 1
final-project-enigma-clean/repository/category_repository.go:25.16,27.3 1 1
final-project-enigma-clean/repository/category_repository.go:29.2,29.22 1 1
final-project-enigma-clean/repository/category_repository.go:34.54,36.16 2 1
final-project-enigma-clean/repository/category_repository.go:36.16,38.3 1 1
final-project-enigma-clean/repository/category_repository.go:39.2,39.12 1 1
final-project-enigma-clean/repository/category_repository.go:43.66,45.16 2 1
final-project-enigma-clean/repository/category_repository.go:45.16,47.3 1 1
final-project-enigma-clean/repository/category_repository.go:48.2,49.18 2 1
final-project-enigma-clean/repository/category_repository.go:49.18,53.3 3 1
final-project-enigma-clean/repository/category_repository.go:54.2,54.23 1 1
final-project-enigma-clean/repository/category_repository.go:54.23,56.3 1 1
final-project-enigma-clean/repository/category_repository.go:57.2,57.24 1 1
final-project-enigma-clean/repository/category_repository.go:61.66,63.16 2 1
final-project-enigma-clean/repository/category_repository.go:63.16,65.3 1 1
final-project-enigma-clean/repository/category_repository.go:66.2,66.12 1 1
final-project-enigma-clean/repository/category_repository.go:70.68,72.16 2 1
final-project-enigma-clean/repository/category_repository.go:72.16,74.3 1 1
final-project-enigma-clean/repository/category_repository.go:75.2,75.12 1 1
final-project-enigma-clean/repository/category_repository.go:78.59,82.2 1 1
final-project-enigma-clean/repository/manage_asset_repository.go:21.124,33.16 4 0
final-project-enigma-clean/repository/manage_asset_repository.go:33.16,35.3 1 0
final-project-enigma-clean/repository/manage_asset_repository.go:36.2,37.16 2 0
final-project-enigma-clean/repository/manage_asset_repository.go:37.16,39.3 1 0
final-project-enigma-clean/repository/manage_asset_repository.go:41.2,42.18 2 0
final-project-enigma-clean/repository/manage_asset_repository.go:42.18,46.3 3 0
final-project-enigma-clean/repository/manage_asset_repository.go:47.2,47.23 1 0
final-project-enigma-clean/repository/manage_asset_repository.go:47.23,49.3 1 0
final-project-enigma-clean/repository/manage_asset_repository.go:51.2,52.24 2 0
final-project-enigma-clean/repository/manage_asset_repository.go:52.24,56.3 3 0
final-project-enigma-clean/repository/manage_asset_repository.go:57.2,57.23 1 0
final-project-enigma-clean/repository/manage_asset_repository.go:57.23,59.3 1 0
final-project-enigma-clean/repository/manage_asset_repository.go:61.2,61.45 1 0
final-project-enigma-clean/repository/manage_asset_repository.go:65.117,77.16 4 0
final-project-enigma-clean/repository/manage_asset_repository.go:77.16,79.3 1 0
final-project-enigma-clean/repository/manage_asset_repository.go:80.2,81.16 2 0
final-project-enigma-clean/repository/manage_asset_repository.go:81.16,83.3 1 0
final-project-enigma-clean/repository/manage_asset_repository.go:85.2,86.18 2 0
final-project-enigma-clean/repository/manage_asset_repository.go:86.18,90.3 3 0
final-project-enigma-clean/repository/manage_asset_repository.go:91.2,91.23 1 0
final-project-enigma-clean/repository/manage_asset_repository.go:91.23,93.3 1 0
final-project-enigma-clean/repository/manage_asset_repository.go:95.2,96.24 2 0
final-project-enigma-clean/repository/manage_asset_repository.go:96.24,100.3 3 0
final-project-enigma-clean/repository/manage_asset_repository.go:101.2,101.23 1 0
final-project-enigma-clean/repository/manage_asset_repository.go:101.23,103.3 1 0
final-project-enigma-clean/repository/manage_asset_repository.go:105.2,105.45 1 0
final-project-enigma-clean/repository/manage_asset_repository.go:109.83,117.16 3 0
final-project-enigma-clean/repository/manage_asset_repository.go:117.16,119.3 1 0
final-project-enigma-clean/repository/manage_asset_repository.go:121.2,122.18 2 0
final-project-enigma-clean/repository/manage_asset_repository.go:122.18,126.3 3 0
final-project-enigma-clean/repository/manage_asset_repository.go:128.2,128.23 1 0
final-project-enigma-clean/repository/manage_asset_repository.go:128.23,130.3 1 0
final-project-enigma-clean/repository/manage_asset_repository.go:132.2,132.26 1 0
final-project-enigma-clean/repository/manage_asset_repository.go:136.89,141.16 3 0
final-project-enigma-clean/repository/manage_asset_repository.go:141.16,144.3 2 0
final-project-enigma-clean/repository/manage_asset_repository.go:145.2,146.16 2 0
final-project-enigma-clean/repository/manage_asset_repository.go:146.16,149.3 2 0
final-project-enigma-clean/repository/manage_asset_repository.go:151.2,152.49 2 0
final-project-enigma-clean/repository/manage_asset_repository.go:152.49,154.17 2 0
final-project-enigma-clean/repository/manage_asset_repository.go:154.17,157.4 2 0
final-project-enigma-clean/repository/manage_asset_repository.go:159.2,160.12 2 0
final-project-enigma-clean/repository/manage_asset_repository.go:163.65,167.2 1 0
final-project-enigma-clean/repository/staff_repository.go:25.58,27.16 2 1
final-project-enigma-clean/repository/staff_repository.go:27.16,29.3 1 1
final-project-enigma-clean/repository/staff_repository.go:30.2,30.12 1 1
final-project-enigma-clean/repository/staff_repository.go:34.62,37.16 2 1
final-project-enigma-clean/repository/staff_repository.go:37.16,39.3 1 1
final-project-enigma-clean/repository/staff_repository.go:40.2,41.18 2 1
final-project-enigma-clean/repository/staff_repository.go:41.18,45.3 3 1
final-project-enigma-clean/repository/staff_repository.go:46.2,46.23 1 1
final-project-enigma-clean/repository/staff_repository.go:46.23,48.3 1 1
final-project-enigma-clean/repository/staff_repository.go:49.2,49.20 1 1
final-project-enigma-clean/repository/staff_repository.go:53.75,57.16 4 1
final-project-enigma-clean/repository/staff_repository.go:57.16,59.3 1 1
final-project-enigma-clean/repository/staff_repository.go:60.2,60.19 1 1
final-project-enigma-clean/repository/staff_repository.go:64.74,66.16 2 1
final-project-enigma-clean/repository/staff_repository.go:66.16,68.3 1 1
final-project-enigma-clean/repository/staff_repository.go:69.2,70.18 2 1
final-project-enigma-clean/repository/staff_repository.go:70.18,74.3 3 1
final-project-enigma-clean/repository/staff_repository.go:75.2,75.23 1 1
final-project-enigma-clean/repository/staff_repository.go:75.23,77.3 1 1
final-project-enigma-clean/repository/staff_repository.go:78.2,78.20 1 1
final-project-enigma-clean/repository/staff_repository.go:82.94,83.23 1 1
final-project-enigma-clean/repository/staff_repository.go:83.23,85.3 1 1
final-project-enigma-clean/repository/staff_repository.go:86.2,88.16 3 1
final-project-enigma-clean/repository/staff_repository.go:88.16,90.3 1 1
final-project-enigma-clean/repository/staff_repository.go:92.2,93.18 2 1
final-project-enigma-clean/repository/staff_repository.go:93.18,96.17 3 1
final-project-enigma-clean/repository/staff_repository.go:96.17,98.4 1 1
final-project-enigma-clean/repository/staff_repository.go:99.3,99.33 1 1
final-project-enigma-clean/repository/staff_repository.go:101.2,103.41 3 1
final-project-enigma-clean/repository/staff_repository.go:103.41,105.3 1 1
final-project-enigma-clean/repository/staff_repository.go:107.2,114.28 2 1
final-project-enigma-clean/repository/staff_repository.go:119.59,121.16 2 1
final-project-enigma-clean/repository/staff_repository.go:121.16,123.3 1 1
final-project-enigma-clean/repository/staff_repository.go:124.2,124.12 1 1
final-project-enigma-clean/repository/staff_repository.go:128.61,130.16 2 1
final-project-enigma-clean/repository/staff_repository.go:130.16,132.3 1 1
final-project-enigma-clean/repository/staff_repository.go:133.2,133.12 1 1
final-project-enigma-clean/repository/staff_repository.go:136.53,140.2 1 1
final-project-enigma-clean/repository/type_asset_repository.go:25.76,29.16 4 1
final-project-enigma-clean/repository/type_asset_repository.go:29.16,31.3 1 1
final-project-enigma-clean/repository/type_asset_repository.go:33.2,33.23 1 1
final-project-enigma-clean/repository/type_asset_repository.go:38.55,40.16 2 1
final-project-enigma-clean/repository/type_asset_repository.go:40.16,42.3 1 1
final-project-enigma-clean/repository/type_asset_repository.go:43.2,43.12 1 1
final-project-enigma-clean/repository/type_asset_repository.go:47.68,49.16 2 1
final-project-enigma-clean/repository/type_asset_repository.go:49.16,51.3 1 1
final-project-enigma-clean/repository/type_asset_repository.go:52.2,53.18 2 1
final-project-enigma-clean/repository/type_asset_repository.go:53.18,57.3 3 1
final-project-enigma-clean/repository/type_asset_repository.go:58.2,58.23 1 1
final-project-enigma-clean/repository/type_asset_repository.go:58.23,60.3 1 1
final-project-enigma-clean/repository/type_asset_repository.go:61.2,61.24 1 1
final-project-enigma-clean/repository/type_asset_repository.go:65.82,67.16 2 1
final-project-enigma-clean/repository/type_asset_repository.go:67.16,69.3 1 1
final-project-enigma-clean/repository/type_asset_repository.go:70.2,71.18 2 1
final-project-enigma-clean/repository/type_asset_repository.go:71.18,75.3 3 1
final-project-enigma-clean/repository/type_asset_repository.go:76.2,76.23 1 1
final-project-enigma-clean/repository/type_asset_repository.go:76.23,78.3 1 1
final-project-enigma-clean/repository/type_asset_repository.go:79.2,79.24 1 1
final-project-enigma-clean/repository/type_asset_repository.go:84.102,85.23 1 1
final-project-enigma-clean/repository/type_asset_repository.go:85.23,87.3 1 1
final-project-enigma-clean/repository/type_asset_repository.go:88.2,90.16 3 1
final-project-enigma-clean/repository/type_asset_repository.go:90.16,92.3 1 1
final-project-enigma-clean/repository/type_asset_repository.go:94.2,95.18 2 1
final-project-enigma-clean/repository/type_asset_repository.go:95.18,98.17 3 1
final-project-enigma-clean/repository/type_asset_repository.go:98.17,100.4 1 1
final-project-enigma-clean/repository/type_asset_repository.go:101.3,101.45 1 1
final-project-enigma-clean/repository/type_asset_repository.go:103.2,105.41 3 1
final-project-enigma-clean/repository/type_asset_repository.go:105.41,107.3 1 1
final-project-enigma-clean/repository/type_asset_repository.go:109.2,116.32 2 1
final-project-enigma-clean/repository/type_asset_repository.go:121.67,123.16 2 1
final-project-enigma-clean/repository/type_asset_repository.go:123.16,125.3 1 1
final-project-enigma-clean/repository/type_asset_repository.go:126.2,126.12 1 1
final-project-enigma-clean/repository/type_asset_repository.go:130.69,132.16 2 1
final-project-enigma-clean/repository/type_asset_repository.go:132.16,134.3 1 1
final-project-enigma-clean/repository/type_asset_repository.go:135.2,135.12 1 1
final-project-enigma-clean/repository/type_asset_repository.go:138.61,142.2 1 1
final-project-enigma-clean/repository/user-credentials-repository.go:23.117,29.16 4 1
final-project-enigma-clean/repository/user-credentials-repository.go:29.16,31.27 1 0
final-project-enigma-clean/repository/user-credentials-repository.go:31.27,33.4 1 0
final-project-enigma-clean/repository/user-credentials-repository.go:34.3,34.91 1 0
final-project-enigma-clean/repository/user-credentials-repository.go:37.2,37.18 1 1
final-project-enigma-clean/repository/user-credentials-repository.go:41.86,48.16 4 1
final-project-enigma-clean/repository/user-credentials-repository.go:48.16,50.3 1 1
final-project-enigma-clean/repository/user-credentials-repository.go:52.2,52.12 1 1
final-project-enigma-clean/repository/user-credentials-repository.go:56.90,62.16 4 1
final-project-enigma-clean/repository/user-credentials-repository.go:62.16,64.27 1 1
final-project-enigma-clean/repository/user-credentials-repository.go:64.27,66.4 1 1
final-project-enigma-clean/repository/user-credentials-repository.go:67.3,67.17 1 0
final-project-enigma-clean/repository/user-credentials-repository.go:69.2,69.28 1 1
final-project-enigma-clean/repository/user-credentials-repository.go:73.95,79.16 4 1
final-project-enigma-clean/repository/user-credentials-repository.go:79.16,81.27 1 1
final-project-enigma-clean/repository/user-credentials-repository.go:81.27,83.4 1 1
final-project-enigma-clean/repository/user-credentials-repository.go:84.3,84.86 1 0
final-project-enigma-clean/repository/user-credentials-repository.go:87.2,87.18 1 1
final-project-enigma-clean/repository/user-credentials-repository.go:90.79,94.16 3 1
final-project-enigma-clean/repository/user-credentials-repository.go:94.16,96.3 1 0
final-project-enigma-clean/repository/user-credentials-repository.go:97.2,97.12 1 1
final-project-enigma-clean/repository/user-credentials-repository.go:100.81,107.16 4 1
final-project-enigma-clean/repository/user-credentials-repository.go:107.16,109.3 1 0
final-project-enigma-clean/repository/user-credentials-repository.go:110.2,110.26 1 1
final-project-enigma-clean/repository/user-credentials-repository.go:113.70,121.16 4 1
final-project-enigma-clean/repository/user-credentials-repository.go:121.16,124.3 2 0
final-project-enigma-clean/repository/user-credentials-repository.go:125.2,125.18 1 1
final-project-enigma-clean/repository/user-credentials-repository.go:128.69,132.2 1 1
final-project-enigma-clean/usecase/asset_usecase.go:29.66,32.16 2 0
final-project-enigma-clean/usecase/asset_usecase.go:32.16,34.3 1 0
final-project-enigma-clean/usecase/asset_usecase.go:36.2,38.16 3 0
final-project-enigma-clean/usecase/asset_usecase.go:38.16,40.3 1 0
final-project-enigma-clean/usecase/asset_usecase.go:42.2,42.12 1 0
final-project-enigma-clean/usecase/asset_usecase.go:46.71,47.16 1 0
final-project-enigma-clean/usecase/asset_usecase.go:47.16,49.3 1 0
final-project-enigma-clean/usecase/asset_usecase.go:51.2,52.16 2 0
final-project-enigma-clean/usecase/asset_usecase.go:52.16,54.3 1 0
final-project-enigma-clean/usecase/asset_usecase.go:55.2,55.20 1 0
final-project-enigma-clean/usecase/asset_usecase.go:59.65,60.24 1 1
final-project-enigma-clean/usecase/asset_usecase.go:60.24,62.3 1 1
final-project-enigma-clean/usecase/asset_usecase.go:63.2,63.59 1 1
final-project-enigma-clean/usecase/asset_usecase.go:63.59,65.3 1 1
final-project-enigma-clean/usecase/asset_usecase.go:66.2,66.24 1 1
final-project-enigma-clean/usecase/asset_usecase.go:66.24,68.3 1 1
final-project-enigma-clean/usecase/asset_usecase.go:69.2,69.26 1 1
final-project-enigma-clean/usecase/asset_usecase.go:69.26,71.3 1 1
final-project-enigma-clean/usecase/asset_usecase.go:74.2,75.16 2 1
final-project-enigma-clean/usecase/asset_usecase.go:75.16,77.3 1 1
final-project-enigma-clean/usecase/asset_usecase.go:80.2,81.16 2 1
final-project-enigma-clean/usecase/asset_usecase.go:81.16,83.3 1 1
final-project-enigma-clean/usecase/asset_usecase.go:87.2,89.16 3 1
final-project-enigma-clean/usecase/asset_usecase.go:89.16,91.3 1 1
final-project-enigma-clean/usecase/asset_usecase.go:93.2,93.12 1 1
final-project-enigma-clean/usecase/asset_usecase.go:97.48,100.16 2 1
final-project-enigma-clean/usecase/asset_usecase.go:100.16,102.3 1 1
final-project-enigma-clean/usecase/asset_usecase.go:104.2,105.16 2 1
final-project-enigma-clean/usecase/asset_usecase.go:105.16,107.3 1 1
final-project-enigma-clean/usecase/asset_usecase.go:109.2,109.12 1 1
final-project-enigma-clean/usecase/asset_usecase.go:113.57,115.16 2 1
final-project-enigma-clean/usecase/asset_usecase.go:115.16,117.3 1 1
final-project-enigma-clean/usecase/asset_usecase.go:118.2,118.20 1 1
final-project-enigma-clean/usecase/asset_usecase.go:122.65,124.16 2 1
final-project-enigma-clean/usecase/asset_usecase.go:124.16,126.3 1 1
final-project-enigma-clean/usecase/asset_usecase.go:128.2,128.19 1 1
final-project-enigma-clean/usecase/asset_usecase.go:132.65,133.24 1 1
final-project-enigma-clean/usecase/asset_usecase.go:133.24,135.3 1 1
final-project-enigma-clean/usecase/asset_usecase.go:136.2,136.59 1 1
final-project-enigma-clean/usecase/asset_usecase.go:136.59,138.3 1 1
final-project-enigma-clean/usecase/asset_usecase.go:139.2,139.24 1 1
final-project-enigma-clean/usecase/asset_usecase.go:139.24,141.3 1 1
final-project-enigma-clean/usecase/asset_usecase.go:142.2,142.26 1 1
final-project-enigma-clean/usecase/asset_usecase.go:142.26,144.3 1 1
final-project-enigma-clean/usecase/asset_usecase.go:147.2,148.16 2 1
final-project-enigma-clean/usecase/asset_usecase.go:148.16,150.3 1 1
final-project-enigma-clean/usecase/asset_usecase.go:153.2,154.16 2 1
final-project-enigma-clean/usecase/asset_usecase.go:154.16,156.3 1 1
final-project-enigma-clean/usecase/asset_usecase.go:158.2,159.16 2 1
final-project-enigma-clean/usecase/asset_usecase.go:159.16,161.3 1 1
final-project-enigma-clean/usecase/asset_usecase.go:163.2,164.16 2 1
final-project-enigma-clean/usecase/asset_usecase.go:164.16,166.3 1 1
final-project-enigma-clean/usecase/asset_usecase.go:168.2,168.12 1 1
final-project-enigma-clean/usecase/asset_usecase.go:171.131,177.2 1 1
final-project-enigma-clean/usecase/category_usecase.go:22.71,24.16 2 1
final-project-enigma-clean/usecase/category_usecase.go:24.16,26.3 1 1
final-project-enigma-clean/usecase/category_usecase.go:27.2,27.22 1 1
final-project-enigma-clean/usecase/category_usecase.go:32.67,33.24 1 1
final-project-enigma-clean/usecase/category_usecase.go:33.24,35.3 1 1
final-project-enigma-clean/usecase/category_usecase.go:39.2,40.16 2 1
final-project-enigma-clean/usecase/category_usecase.go:40.16,42.3 1 1
final-project-enigma-clean/usecase/category_usecase.go:43.2,43.12 1 1
final-project-enigma-clean/usecase/category_usecase.go:47.51,49.16 2 1
final-project-enigma-clean/usecase/category_usecase.go:49.16,51.3 1 1
final-project-enigma-clean/usecase/category_usecase.go:52.2,53.16 2 1
final-project-enigma-clean/usecase/category_usecase.go:53.16,55.3 1 1
final-project-enigma-clean/usecase/category_usecase.go:56.2,56.12 1 1
final-project-enigma-clean/usecase/category_usecase.go:60.63,62.16 2 1
final-project-enigma-clean/usecase/category_usecase.go:62.16,64.3 1 1
final-project-enigma-clean/usecase/category_usecase.go:65.2,65.22 1 1
final-project-enigma-clean/usecase/category_usecase.go:69.64,70.24 1 1
final-project-enigma-clean/usecase/category_usecase.go:70.24,72.3 1 1
final-project-enigma-clean/usecase/category_usecase.go:73.2,74.16 2 1
final-project-enigma-clean/usecase/category_usecase.go:74.16,76.3 1 1
final-project-enigma-clean/usecase/category_usecase.go:77.2,78.16 2 1
final-project-enigma-clean/usecase/category_usecase.go:78.16,80.3 1 1
final-project-enigma-clean/usecase/category_usecase.go:81.2,81.12 1 1
final-project-enigma-clean/usecase/category_usecase.go:84.77,88.2 1 1
final-project-enigma-clean/usecase/manage_asset_usecase.go:26.94,27.16 1 0
final-project-enigma-clean/usecase/manage_asset_usecase.go:27.16,29.3 1 0
final-project-enigma-clean/usecase/manage_asset_usecase.go:31.2,32.16 2 0
final-project-enigma-clean/usecase/manage_asset_usecase.go:32.16,34.3 1 0
final-project-enigma-clean/usecase/manage_asset_usecase.go:36.2,39.44 2 0
final-project-enigma-clean/usecase/manage_asset_usecase.go:39.44,41.3 1 0
final-project-enigma-clean/usecase/manage_asset_usecase.go:44.2,47.43 2 0
final-project-enigma-clean/usecase/manage_asset_usecase.go:47.43,48.51 1 0
final-project-enigma-clean/usecase/manage_asset_usecase.go:48.51,51.4 2 0
final-project-enigma-clean/usecase/manage_asset_usecase.go:53.2,53.19 1 0
final-project-enigma-clean/usecase/manage_asset_usecase.go:57.86,58.28 1 0
final-project-enigma-clean/usecase/manage_asset_usecase.go:58.28,60.3 1 0
final-project-enigma-clean/usecase/manage_asset_usecase.go:62.2,64.54 2 0
final-project-enigma-clean/usecase/manage_asset_usecase.go:64.54,65.27 1 0
final-project-enigma-clean/usecase/manage_asset_usecase.go:65.27,67.4 1 0
final-project-enigma-clean/usecase/manage_asset_usecase.go:69.3,69.26 1 0
final-project-enigma-clean/usecase/manage_asset_usecase.go:69.26,71.4 1 0
final-project-enigma-clean/usecase/manage_asset_usecase.go:73.3,73.27 1 0
final-project-enigma-clean/usecase/manage_asset_usecase.go:73.27,75.4 1 0
final-project-enigma-clean/usecase/manage_asset_usecase.go:77.3,78.17 2 0
final-project-enigma-clean/usecase/manage_asset_usecase.go:78.17,80.4 1 0
final-project-enigma-clean/usecase/manage_asset_usecase.go:82.3,82.38 1 0
final-project-enigma-clean/usecase/manage_asset_usecase.go:82.38,84.4 1 0
final-project-enigma-clean/usecase/manage_asset_usecase.go:85.3,86.52 2 0
final-project-enigma-clean/usecase/manage_asset_usecase.go:89.2,90.16 2 0
final-project-enigma-clean/usecase/manage_asset_usecase.go:90.16,92.3 1 0
final-project-enigma-clean/usecase/manage_asset_usecase.go:95.2,100.16 6 0
final-project-enigma-clean/usecase/manage_asset_usecase.go:100.16,102.3 1 0
final-project-enigma-clean/usecase/manage_asset_usecase.go:104.2,104.54 1 0
final-project-enigma-clean/usecase/manage_asset_usecase.go:104.54,106.17 2 0
final-project-enigma-clean/usecase/manage_asset_usecase.go:106.17,108.4 1 0
final-project-enigma-clean/usecase/manage_asset_usecase.go:111.2,111.12 1 0
final-project-enigma-clean/usecase/manage_asset_usecase.go:114.74,117.2 1 0
final-project-enigma-clean/usecase/manage_asset_usecase.go:119.90,121.14 1 0
final-project-enigma-clean/usecase/manage_asset_usecase.go:121.14,123.3 1 0
final-project-enigma-clean/usecase/manage_asset_usecase.go:125.2,126.16 2 0
final-project-enigma-clean/usecase/manage_asset_usecase.go:126.16,128.3 1 0
final-project-enigma-clean/usecase/manage_asset_usecase.go:130.2,133.44 2 0
final-project-enigma-clean/usecase/manage_asset_usecase.go:133.44,135.3 1 0
final-project-enigma-clean/usecase/manage_asset_usecase.go:138.2,141.43 2 0
final-project-enigma-clean/usecase/manage_asset_usecase.go:141.43,142.51 1 0
final-project-enigma-clean/usecase/manage_asset_usecase.go:142.51,145.4 2 0
final-project-enigma-clean/usecase/manage_asset_usecase.go:147.2,147.19 1 0
final-project-enigma-clean/usecase/manage_asset_usecase.go:150.130,156.2 1 0
final-project-enigma-clean/usecase/staff_usecase.go:25.72,27.16 2 1
final-project-enigma-clean/usecase/staff_usecase.go:27.16,29.3 1 1
final-project-enigma-clean/usecase/staff_usecase.go:30.2,30.19 1 1
final-project-enigma-clean/usecase/staff_usecase.go:35.61,36.29 1 1
final-project-enigma-clean/usecase/staff_usecase.go:36.29,38.3 1 1
final-project-enigma-clean/usecase/staff_usecase.go:39.2,39.24 1 1
final-project-enigma-clean/usecase/staff_usecase.go:39.24,41.3 1 1
final-project-enigma-clean/usecase/staff_usecase.go:42.2,42.70 1 1
final-project-enigma-clean/usecase/staff_usecase.go:42.70,44.3 1 1
final-project-enigma-clean/usecase/staff_usecase.go:45.2,45.27 1 1
final-project-enigma-clean/usecase/staff_usecase.go:45.27,47.3 1 1
final-project-enigma-clean/usecase/staff_usecase.go:48.2,48.26 1 1
final-project-enigma-clean/usecase/staff_usecase.go:48.26,50.3 1 1
final-project-enigma-clean/usecase/staff_usecase.go:51.2,52.16 2 1
final-project-enigma-clean/usecase/staff_usecase.go:52.16,54.3 1 1
final-project-enigma-clean/usecase/staff_usecase.go:55.2,55.12 1 1
final-project-enigma-clean/usecase/staff_usecase.go:59.55,61.16 2 1
final-project-enigma-clean/usecase/staff_usecase.go:61.16,63.3 1 1
final-project-enigma-clean/usecase/staff_usecase.go:64.2,65.16 2 1
final-project-enigma-clean/usecase/staff_usecase.go:65.16,67.3 1 1
final-project-enigma-clean/usecase/staff_usecase.go:68.2,68.12 1 1
final-project-enigma-clean/usecase/staff_usecase.go:72.59,74.16 2 1
final-project-enigma-clean/usecase/staff_usecase.go:74.16,76.3 1 1
final-project-enigma-clean/usecase/staff_usecase.go:77.2,77.19 1 1
final-project-enigma-clean/usecase/staff_usecase.go:81.71,83.16 2 1
final-project-enigma-clean/usecase/staff_usecase.go:83.16,85.3 1 1
final-project-enigma-clean/usecase/staff_usecase.go:86.2,86.19 1 1
final-project-enigma-clean/usecase/staff_usecase.go:91.91,93.2 1 1
final-project-enigma-clean/usecase/staff_usecase.go:96.58,97.29 1 1
final-project-enigma-clean/usecase/staff_usecase.go:97.29,99.3 1 1
final-project-enigma-clean/usecase/staff_usecase.go:100.2,100.24 1 1
final-project-enigma-clean/usecase/staff_usecase.go:100.24,102.3 1 1
final-project-enigma-clean/usecase/staff_usecase.go:103.2,103.70 1 1
final-project-enigma-clean/usecase/staff_usecase.go:103.70,105.3 1 1
final-project-enigma-clean/usecase/staff_usecase.go:106.2,106.27 1 1
final-project-enigma-clean/usecase/staff_usecase.go:106.27,108.3 1 1
final-project-enigma-clean/usecase/staff_usecase.go:109.2,109.26 1 1
final-project-enigma-clean/usecase/staff_usecase.go:109.26,111.3 1 1
final-project-enigma-clean/usecase/staff_usecase.go:112.2,113.16 2 1
final-project-enigma-clean/usecase/staff_usecase.go:113.16,115.3 1 1
final-project-enigma-clean/usecase/staff_usecase.go:116.2,117.16 2 1
final-project-enigma-clean/usecase/staff_usecase.go:117.16,119.3 1 1
final-project-enigma-clean/usecase/staff_usecase.go:120.2,120.12 1 1
final-project-enigma-clean/usecase/staff_usecase.go:123.68,127.2 1 1
final-project-enigma-clean/usecase/type_asset_usecase.go:25.73,27.16 2 1
final-project-enigma-clean/usecase/type_asset_usecase.go:27.16,29.3 1 1
final-project-enigma-clean/usecase/type_asset_usecase.go:30.2,30.23 1 1
final-project-enigma-clean/usecase/type_asset_usecase.go:35.69,36.24 1 1
final-project-enigma-clean/usecase/type_asset_usecase.go:36.24,38.3 1 1
final-project-enigma-clean/usecase/type_asset_usecase.go:40.2,41.16 2 1
final-project-enigma-clean/usecase/type_asset_usecase.go:41.16,43.3 1 1
final-project-enigma-clean/usecase/type_asset_usecase.go:44.2,44.12 1 1
final-project-enigma-clean/usecase/type_asset_usecase.go:48.52,50.16 2 1
final-project-enigma-clean/usecase/type_asset_usecase.go:50.16,52.3 1 1
final-project-enigma-clean/usecase/type_asset_usecase.go:53.2,54.16 2 1
final-project-enigma-clean/usecase/type_asset_usecase.go:54.16,56.3 1 1
final-project-enigma-clean/usecase/type_asset_usecase.go:57.2,57.12 1 1
final-project-enigma-clean/usecase/type_asset_usecase.go:61.65,63.16 2 1
final-project-enigma-clean/usecase/type_asset_usecase.go:63.16,65.3 1 1
final-project-enigma-clean/usecase/type_asset_usecase.go:66.2,66.23 1 1
final-project-enigma-clean/usecase/type_asset_usecase.go:70.79,72.16 2 1
final-project-enigma-clean/usecase/type_asset_usecase.go:72.16,74.3 1 1
final-project-enigma-clean/usecase/type_asset_usecase.go:75.2,75.23 1 1
final-project-enigma-clean/usecase/type_asset_usecase.go:80.99,82.2 1 1
final-project-enigma-clean/usecase/type_asset_usecase.go:85.66,86.24 1 1
final-project-enigma-clean/usecase/type_asset_usecase.go:86.24,88.3 1 1
final-project-enigma-clean/usecase/type_asset_usecase.go:89.2,90.16 2 1
final-project-enigma-clean/usecase/type_asset_usecase.go:90.16,92.3 1 1
final-project-enigma-clean/usecase/type_asset_usecase.go:93.2,94.16 2 1
final-project-enigma-clean/usecase/type_asset_usecase.go:94.16,96.3 1 1
final-project-enigma-clean/usecase/type_asset_usecase.go:97.2,97.12 1 1
final-project-enigma-clean/usecase/type_asset_usecase.go:100.80,104.2 1 1
final-project-enigma-clean/usecase/user-credentials-usecase.go:31.115,34.2 1 0
final-project-enigma-clean/usecase/user-credentials-usecase.go:36.99,41.16 2 0
final-project-enigma-clean/usecase/user-credentials-usecase.go:41.16,43.3 1 0
final-project-enigma-clean/usecase/user-credentials-usecase.go:46.2,51.30 5 0
final-project-enigma-clean/usecase/user-credentials-usecase.go:55.80,61.16 3 1
final-project-enigma-clean/usecase/user-credentials-usecase.go:61.16,63.56 2 1
final-project-enigma-clean/usecase/user-credentials-usecase.go:63.56,64.54 1 1
final-project-enigma-clean/usecase/user-credentials-usecase.go:64.54,66.10 2 1
final-project-enigma-clean/usecase/user-credentials-usecase.go:69.3,69.19 1 1
final-project-enigma-clean/usecase/user-credentials-usecase.go:69.19,72.4 2 0
final-project-enigma-clean/usecase/user-credentials-usecase.go:76.2,78.41 3 1
final-project-enigma-clean/usecase/user-credentials-usecase.go:78.41,80.3 1 1
final-project-enigma-clean/usecase/user-credentials-usecase.go:83.2,83.28 1 1
final-project-enigma-clean/usecase/user-credentials-usecase.go:83.28,85.3 1 0
final-project-enigma-clean/usecase/user-credentials-usecase.go:86.2,86.46 1 1
final-project-enigma-clean/usecase/user-credentials-usecase.go:86.46,88.3 1 0
final-project-enigma-clean/usecase/user-credentials-usecase.go:90.2,90.48 1 1
final-project-enigma-clean/usecase/user-credentials-usecase.go:90.48,92.3 1 0
final-project-enigma-clean/usecase/user-credentials-usecase.go:98.2,99.16 2 1
final-project-enigma-clean/usecase/user-credentials-usecase.go:99.16,101.3 1 0
final-project-enigma-clean/usecase/user-credentials-usecase.go:102.2,105.57 2 1
final-project-enigma-clean/usecase/user-credentials-usecase.go:105.57,107.3 1 1
final-project-enigma-clean/usecase/user-credentials-usecase.go:110.2,111.12 2 1
final-project-enigma-clean/usecase/user-credentials-usecase.go:117.89,122.16 2 0
final-project-enigma-clean/usecase/user-credentials-usecase.go:122.16,124.3 1 0
final-project-enigma-clean/usecase/user-credentials-usecase.go:127.2,127.81 1 0
final-project-enigma-clean/usecase/user-credentials-usecase.go:127.81,129.3 1 0
final-project-enigma-clean/usecase/user-credentials-usecase.go:132.2,138.21 5 0
final-project-enigma-clean/usecase/user-credentials-usecase.go:141.101,144.2 1 0
final-project-enigma-clean/usecase/user-credentials-usecase.go:146.59,150.44 2 0
final-project-enigma-clean/usecase/user-credentials-usecase.go:150.44,152.3 1 0
final-project-enigma-clean/usecase/user-credentials-usecase.go:154.2,154.18 1 0
final-project-enigma-clean/usecase/user-credentials-usecase.go:157.75,161.2 1 0
final-project-enigma-clean/usecase/user-credentials-usecase.go:163.73,169.2 2 0
final-project-enigma-clean/usecase/user-credentials-usecase.go:171.104,175.2 1 1
