mode: set
final-project-enigma-clean/delivery/controller/asset_controller.go:15.62,19.16 3 0
final-project-enigma-clean/delivery/controller/asset_controller.go:19.16,22.3 2 0
final-project-enigma-clean/delivery/controller/asset_controller.go:24.2,25.16 2 0
final-project-enigma-clean/delivery/controller/asset_controller.go:25.16,28.3 2 0
final-project-enigma-clean/delivery/controller/asset_controller.go:30.2,30.77 1 0
final-project-enigma-clean/delivery/controller/asset_controller.go:33.63,36.16 2 0
final-project-enigma-clean/delivery/controller/asset_controller.go:36.16,39.3 2 0
final-project-enigma-clean/delivery/controller/asset_controller.go:41.2,44.4 1 0
final-project-enigma-clean/delivery/controller/asset_controller.go:47.60,52.16 3 0
final-project-enigma-clean/delivery/controller/asset_controller.go:52.16,55.3 2 0
final-project-enigma-clean/delivery/controller/asset_controller.go:57.2,60.4 1 0
final-project-enigma-clean/delivery/controller/asset_controller.go:63.58,67.16 3 0
final-project-enigma-clean/delivery/controller/asset_controller.go:67.16,70.3 2 0
final-project-enigma-clean/delivery/controller/asset_controller.go:72.2,73.16 2 0
final-project-enigma-clean/delivery/controller/asset_controller.go:73.16,76.3 2 0
final-project-enigma-clean/delivery/controller/asset_controller.go:78.2,78.76 1 0
final-project-enigma-clean/delivery/controller/asset_controller.go:81.57,86.16 3 0
final-project-enigma-clean/delivery/controller/asset_controller.go:86.16,89.3 2 0
final-project-enigma-clean/delivery/controller/asset_controller.go:93.35,99.2 5 0
final-project-enigma-clean/delivery/controller/asset_controller.go:102.93,107.2 1 0
final-project-enigma-clean/delivery/controller/type_asset_controller.go:15.70,17.53 2 0
final-project-enigma-clean/delivery/controller/type_asset_controller.go:17.53,22.3 2 0
final-project-enigma-clean/delivery/controller/type_asset_controller.go:23.2,24.16 2 0
final-project-enigma-clean/delivery/controller/type_asset_controller.go:24.16,29.3 2 0
final-project-enigma-clean/delivery/controller/type_asset_controller.go:30.2,33.23 2 0
final-project-enigma-clean/delivery/controller/type_asset_controller.go:35.69,37.2 0 0
final-project-enigma-clean/delivery/controller/type_asset_controller.go:38.74,40.2 0 0
final-project-enigma-clean/delivery/controller/type_asset_controller.go:41.76,43.2 0 0
final-project-enigma-clean/delivery/controller/type_asset_controller.go:44.71,46.2 0 0
final-project-enigma-clean/delivery/controller/type_asset_controller.go:47.71,49.2 0 0
final-project-enigma-clean/delivery/controller/type_asset_controller.go:50.39,57.2 6 0
final-project-enigma-clean/delivery/controller/type_asset_controller.go:59.109,64.2 1 0
final-project-enigma-clean/delivery/controller/user-credentials-controller.go:18.62,22.54 2 0
final-project-enigma-clean/delivery/controller/user-credentials-controller.go:22.54,25.3 2 0
final-project-enigma-clean/delivery/controller/user-credentials-controller.go:27.2,27.58 1 0
final-project-enigma-clean/delivery/controller/user-credentials-controller.go:27.58,30.3 2 0
final-project-enigma-clean/delivery/controller/user-credentials-controller.go:32.2,32.56 1 0
final-project-enigma-clean/delivery/controller/user-credentials-controller.go:37.59,41.53 2 0
final-project-enigma-clean/delivery/controller/user-credentials-controller.go:41.53,44.3 2 0
final-project-enigma-clean/delivery/controller/user-credentials-controller.go:46.2,47.16 2 0
final-project-enigma-clean/delivery/controller/user-credentials-controller.go:47.16,50.3 2 0
final-project-enigma-clean/delivery/controller/user-credentials-controller.go:53.2,54.16 2 0
final-project-enigma-clean/delivery/controller/user-credentials-controller.go:54.16,57.3 2 0
final-project-enigma-clean/delivery/controller/user-credentials-controller.go:59.2,60.69 2 0
final-project-enigma-clean/delivery/controller/user-credentials-controller.go:64.34,65.2 1 0
final-project-enigma-clean/delivery/controller/user-credentials-controller.go:65.2,68.3 2 0
final-project-enigma-clean/delivery/controller/user-credentials-controller.go:71.99,76.2 1 0
final-project-enigma-clean/repository/asset_repository.go:21.51,26.16 3 1
final-project-enigma-clean/repository/asset_repository.go:26.16,28.3 1 1
final-project-enigma-clean/repository/asset_repository.go:30.2,30.12 1 1
final-project-enigma-clean/repository/asset_repository.go:34.60,43.16 3 1
final-project-enigma-clean/repository/asset_repository.go:43.16,45.3 1 1
final-project-enigma-clean/repository/asset_repository.go:47.2,48.18 2 1
final-project-enigma-clean/repository/asset_repository.go:48.18,52.3 3 1
final-project-enigma-clean/repository/asset_repository.go:53.2,53.23 1 1
final-project-enigma-clean/repository/asset_repository.go:53.23,55.3 1 1
final-project-enigma-clean/repository/asset_repository.go:58.2,58.20 1 1
final-project-enigma-clean/repository/asset_repository.go:62.68,72.16 5 1
final-project-enigma-clean/repository/asset_repository.go:72.16,74.3 1 1
final-project-enigma-clean/repository/asset_repository.go:76.2,76.19 1 1
final-project-enigma-clean/repository/asset_repository.go:80.64,84.16 3 1
final-project-enigma-clean/repository/asset_repository.go:84.16,86.3 1 1
final-project-enigma-clean/repository/asset_repository.go:88.2,88.12 1 1
final-project-enigma-clean/repository/asset_repository.go:92.66,96.15 3 1
final-project-enigma-clean/repository/asset_repository.go:96.15,98.3 1 1
final-project-enigma-clean/repository/asset_repository.go:100.2,100.12 1 1
final-project-enigma-clean/repository/asset_repository.go:103.53,107.2 1 1
final-project-enigma-clean/repository/type_asset_repository.go:25.76,29.16 4 0
final-project-enigma-clean/repository/type_asset_repository.go:29.16,31.3 1 0
final-project-enigma-clean/repository/type_asset_repository.go:33.2,33.23 1 0
final-project-enigma-clean/repository/type_asset_repository.go:38.55,40.16 2 0
final-project-enigma-clean/repository/type_asset_repository.go:40.16,42.3 1 0
final-project-enigma-clean/repository/type_asset_repository.go:43.2,43.12 1 0
final-project-enigma-clean/repository/type_asset_repository.go:47.68,49.16 2 0
final-project-enigma-clean/repository/type_asset_repository.go:49.16,51.3 1 0
final-project-enigma-clean/repository/type_asset_repository.go:52.2,53.18 2 0
final-project-enigma-clean/repository/type_asset_repository.go:53.18,56.17 3 0
final-project-enigma-clean/repository/type_asset_repository.go:56.17,58.4 1 0
final-project-enigma-clean/repository/type_asset_repository.go:59.3,59.45 1 0
final-project-enigma-clean/repository/type_asset_repository.go:61.2,61.24 1 0
final-project-enigma-clean/repository/type_asset_repository.go:65.82,67.16 2 0
final-project-enigma-clean/repository/type_asset_repository.go:67.16,69.3 1 0
final-project-enigma-clean/repository/type_asset_repository.go:70.2,71.18 2 0
final-project-enigma-clean/repository/type_asset_repository.go:71.18,77.17 3 0
final-project-enigma-clean/repository/type_asset_repository.go:77.17,79.4 1 0
final-project-enigma-clean/repository/type_asset_repository.go:81.2,81.24 1 0
final-project-enigma-clean/repository/type_asset_repository.go:86.102,87.23 1 0
final-project-enigma-clean/repository/type_asset_repository.go:87.23,89.3 1 0
final-project-enigma-clean/repository/type_asset_repository.go:90.2,92.16 3 0
final-project-enigma-clean/repository/type_asset_repository.go:92.16,94.3 1 0
final-project-enigma-clean/repository/type_asset_repository.go:96.2,97.18 2 0
final-project-enigma-clean/repository/type_asset_repository.go:97.18,100.17 3 0
final-project-enigma-clean/repository/type_asset_repository.go:100.17,102.4 1 0
final-project-enigma-clean/repository/type_asset_repository.go:103.3,103.45 1 0
final-project-enigma-clean/repository/type_asset_repository.go:105.2,107.41 3 0
final-project-enigma-clean/repository/type_asset_repository.go:107.41,109.3 1 0
final-project-enigma-clean/repository/type_asset_repository.go:111.2,118.32 2 0
final-project-enigma-clean/repository/type_asset_repository.go:123.69,125.16 2 0
final-project-enigma-clean/repository/type_asset_repository.go:125.16,127.3 1 0
final-project-enigma-clean/repository/type_asset_repository.go:128.2,128.12 1 0
final-project-enigma-clean/repository/type_asset_repository.go:132.71,134.16 2 0
final-project-enigma-clean/repository/type_asset_repository.go:134.16,136.3 1 0
final-project-enigma-clean/repository/type_asset_repository.go:137.2,137.12 1 0
final-project-enigma-clean/repository/type_asset_repository.go:140.61,144.2 1 0
final-project-enigma-clean/repository/user-credentials-repo-mock.go:12.96,15.2 2 0
final-project-enigma-clean/repository/user-credentials-repo-mock.go:17.110,20.2 2 0
final-project-enigma-clean/repository/user-credentials-repo-mock.go:22.92,25.2 2 0
final-project-enigma-clean/repository/user-credentials-repository.go:20.86,27.16 4 1
final-project-enigma-clean/repository/user-credentials-repository.go:27.16,29.3 1 1
final-project-enigma-clean/repository/user-credentials-repository.go:31.2,31.12 1 1
final-project-enigma-clean/repository/user-credentials-repository.go:35.90,41.16 4 1
final-project-enigma-clean/repository/user-credentials-repository.go:41.16,43.27 1 1
final-project-enigma-clean/repository/user-credentials-repository.go:43.27,45.4 1 1
final-project-enigma-clean/repository/user-credentials-repository.go:46.3,46.17 1 0
final-project-enigma-clean/repository/user-credentials-repository.go:48.2,48.28 1 1
final-project-enigma-clean/repository/user-credentials-repository.go:52.95,58.16 4 1
final-project-enigma-clean/repository/user-credentials-repository.go:58.16,60.27 1 1
final-project-enigma-clean/repository/user-credentials-repository.go:60.27,62.4 1 1
final-project-enigma-clean/repository/user-credentials-repository.go:63.3,63.86 1 0
final-project-enigma-clean/repository/user-credentials-repository.go:66.2,66.18 1 1
final-project-enigma-clean/repository/user-credentials-repository.go:69.69,73.2 1 1
final-project-enigma-clean/usecase/asset_usecase.go:26.65,27.24 1 1
final-project-enigma-clean/usecase/asset_usecase.go:27.24,29.3 1 1
final-project-enigma-clean/usecase/asset_usecase.go:30.2,30.59 1 1
final-project-enigma-clean/usecase/asset_usecase.go:30.59,32.3 1 1
final-project-enigma-clean/usecase/asset_usecase.go:33.2,33.24 1 1
final-project-enigma-clean/usecase/asset_usecase.go:33.24,35.3 1 1
final-project-enigma-clean/usecase/asset_usecase.go:36.2,36.26 1 1
final-project-enigma-clean/usecase/asset_usecase.go:36.26,38.3 1 1
final-project-enigma-clean/usecase/asset_usecase.go:41.2,42.16 2 1
final-project-enigma-clean/usecase/asset_usecase.go:42.16,44.3 1 1
final-project-enigma-clean/usecase/asset_usecase.go:50.2,52.16 3 1
final-project-enigma-clean/usecase/asset_usecase.go:52.16,54.3 1 1
final-project-enigma-clean/usecase/asset_usecase.go:56.2,56.12 1 1
final-project-enigma-clean/usecase/asset_usecase.go:60.48,63.16 2 1
final-project-enigma-clean/usecase/asset_usecase.go:63.16,65.3 1 1
final-project-enigma-clean/usecase/asset_usecase.go:67.2,68.16 2 1
final-project-enigma-clean/usecase/asset_usecase.go:68.16,70.3 1 1
final-project-enigma-clean/usecase/asset_usecase.go:72.2,72.12 1 1
final-project-enigma-clean/usecase/asset_usecase.go:76.57,78.16 2 1
final-project-enigma-clean/usecase/asset_usecase.go:78.16,80.3 1 1
final-project-enigma-clean/usecase/asset_usecase.go:81.2,81.20 1 1
final-project-enigma-clean/usecase/asset_usecase.go:85.65,87.16 2 1
final-project-enigma-clean/usecase/asset_usecase.go:87.16,89.3 1 1
final-project-enigma-clean/usecase/asset_usecase.go:91.2,91.19 1 1
final-project-enigma-clean/usecase/asset_usecase.go:95.65,96.24 1 1
final-project-enigma-clean/usecase/asset_usecase.go:96.24,98.3 1 1
final-project-enigma-clean/usecase/asset_usecase.go:99.2,99.59 1 1
final-project-enigma-clean/usecase/asset_usecase.go:99.59,101.3 1 1
final-project-enigma-clean/usecase/asset_usecase.go:102.2,102.24 1 1
final-project-enigma-clean/usecase/asset_usecase.go:102.24,104.3 1 1
final-project-enigma-clean/usecase/asset_usecase.go:105.2,105.26 1 1
final-project-enigma-clean/usecase/asset_usecase.go:105.26,107.3 1 1
final-project-enigma-clean/usecase/asset_usecase.go:112.2,113.16 2 1
final-project-enigma-clean/usecase/asset_usecase.go:113.16,115.3 1 1
final-project-enigma-clean/usecase/asset_usecase.go:117.2,118.16 2 1
final-project-enigma-clean/usecase/asset_usecase.go:118.16,120.3 1 1
final-project-enigma-clean/usecase/asset_usecase.go:122.2,123.16 2 1
final-project-enigma-clean/usecase/asset_usecase.go:123.16,125.3 1 1
final-project-enigma-clean/usecase/asset_usecase.go:127.2,127.12 1 1
final-project-enigma-clean/usecase/asset_usecase.go:130.103,135.2 1 1
final-project-enigma-clean/usecase/type_asset_usecase.go:26.73,28.16 2 0
final-project-enigma-clean/usecase/type_asset_usecase.go:28.16,30.3 1 0
final-project-enigma-clean/usecase/type_asset_usecase.go:31.2,31.23 1 0
final-project-enigma-clean/usecase/type_asset_usecase.go:36.69,37.22 1 0
final-project-enigma-clean/usecase/type_asset_usecase.go:37.22,39.3 1 0
final-project-enigma-clean/usecase/type_asset_usecase.go:40.2,40.24 1 0
final-project-enigma-clean/usecase/type_asset_usecase.go:40.24,42.3 1 0
final-project-enigma-clean/usecase/type_asset_usecase.go:43.2,45.16 3 0
final-project-enigma-clean/usecase/type_asset_usecase.go:45.16,47.3 1 0
final-project-enigma-clean/usecase/type_asset_usecase.go:48.2,48.12 1 0
final-project-enigma-clean/usecase/type_asset_usecase.go:52.52,54.16 2 0
final-project-enigma-clean/usecase/type_asset_usecase.go:54.16,56.3 1 0
final-project-enigma-clean/usecase/type_asset_usecase.go:57.2,58.16 2 0
final-project-enigma-clean/usecase/type_asset_usecase.go:58.16,60.3 1 0
final-project-enigma-clean/usecase/type_asset_usecase.go:61.2,61.12 1 0
final-project-enigma-clean/usecase/type_asset_usecase.go:65.65,67.16 2 0
final-project-enigma-clean/usecase/type_asset_usecase.go:67.16,69.3 1 0
final-project-enigma-clean/usecase/type_asset_usecase.go:70.2,70.23 1 0
final-project-enigma-clean/usecase/type_asset_usecase.go:74.79,76.16 2 0
final-project-enigma-clean/usecase/type_asset_usecase.go:76.16,78.3 1 0
final-project-enigma-clean/usecase/type_asset_usecase.go:79.2,79.23 1 0
final-project-enigma-clean/usecase/type_asset_usecase.go:84.99,86.2 1 0
final-project-enigma-clean/usecase/type_asset_usecase.go:89.66,90.22 1 0
final-project-enigma-clean/usecase/type_asset_usecase.go:90.22,92.3 1 0
final-project-enigma-clean/usecase/type_asset_usecase.go:93.2,93.24 1 0
final-project-enigma-clean/usecase/type_asset_usecase.go:93.24,95.3 1 0
final-project-enigma-clean/usecase/type_asset_usecase.go:96.2,97.16 2 0
final-project-enigma-clean/usecase/type_asset_usecase.go:97.16,99.3 1 0
final-project-enigma-clean/usecase/type_asset_usecase.go:100.2,101.16 2 0
final-project-enigma-clean/usecase/type_asset_usecase.go:101.16,103.3 1 0
final-project-enigma-clean/usecase/type_asset_usecase.go:104.2,104.12 1 0
final-project-enigma-clean/usecase/type_asset_usecase.go:107.80,111.2 1 0
final-project-enigma-clean/usecase/user-credentials-usecase.go:23.80,29.16 3 0
final-project-enigma-clean/usecase/user-credentials-usecase.go:29.16,31.56 2 0
final-project-enigma-clean/usecase/user-credentials-usecase.go:31.56,32.54 1 0
final-project-enigma-clean/usecase/user-credentials-usecase.go:32.54,34.10 2 0
final-project-enigma-clean/usecase/user-credentials-usecase.go:37.3,37.19 1 0
final-project-enigma-clean/usecase/user-credentials-usecase.go:37.19,40.4 2 0
final-project-enigma-clean/usecase/user-credentials-usecase.go:44.2,44.28 1 0
final-project-enigma-clean/usecase/user-credentials-usecase.go:44.28,46.3 1 0
final-project-enigma-clean/usecase/user-credentials-usecase.go:47.2,47.46 1 0
final-project-enigma-clean/usecase/user-credentials-usecase.go:47.46,49.3 1 0
final-project-enigma-clean/usecase/user-credentials-usecase.go:51.2,51.48 1 0
final-project-enigma-clean/usecase/user-credentials-usecase.go:51.48,53.3 1 0
final-project-enigma-clean/usecase/user-credentials-usecase.go:56.2,60.16 3 0
final-project-enigma-clean/usecase/user-credentials-usecase.go:60.16,62.3 1 0
final-project-enigma-clean/usecase/user-credentials-usecase.go:63.2,66.57 2 0
final-project-enigma-clean/usecase/user-credentials-usecase.go:66.57,68.3 1 0
final-project-enigma-clean/usecase/user-credentials-usecase.go:71.2,72.12 2 0
final-project-enigma-clean/usecase/user-credentials-usecase.go:76.89,80.27 1 0
final-project-enigma-clean/usecase/user-credentials-usecase.go:80.27,82.3 1 0
final-project-enigma-clean/usecase/user-credentials-usecase.go:85.2,86.16 2 0
final-project-enigma-clean/usecase/user-credentials-usecase.go:86.16,88.3 1 0
final-project-enigma-clean/usecase/user-credentials-usecase.go:91.2,91.81 1 0
final-project-enigma-clean/usecase/user-credentials-usecase.go:91.81,93.3 1 0
final-project-enigma-clean/usecase/user-credentials-usecase.go:96.2,96.21 1 0
final-project-enigma-clean/usecase/user-credentials-usecase.go:99.101,102.2 1 0
final-project-enigma-clean/usecase/user-credentials-usecase.go:104.104,108.2 1 0
