mode: set
final-project-enigma-clean/usecase/asset_usecase.go:29.71,30.16 1 0
final-project-enigma-clean/usecase/asset_usecase.go:30.16,32.3 1 0
final-project-enigma-clean/usecase/asset_usecase.go:34.2,35.16 2 0
final-project-enigma-clean/usecase/asset_usecase.go:35.16,37.3 1 0
final-project-enigma-clean/usecase/asset_usecase.go:38.2,38.20 1 0
final-project-enigma-clean/usecase/asset_usecase.go:42.65,43.24 1 0
final-project-enigma-clean/usecase/asset_usecase.go:43.24,45.3 1 0
final-project-enigma-clean/usecase/asset_usecase.go:46.2,46.59 1 0
final-project-enigma-clean/usecase/asset_usecase.go:46.59,48.3 1 0
final-project-enigma-clean/usecase/asset_usecase.go:49.2,49.24 1 0
final-project-enigma-clean/usecase/asset_usecase.go:49.24,51.3 1 0
final-project-enigma-clean/usecase/asset_usecase.go:52.2,52.26 1 0
final-project-enigma-clean/usecase/asset_usecase.go:52.26,54.3 1 0
final-project-enigma-clean/usecase/asset_usecase.go:57.2,58.16 2 0
final-project-enigma-clean/usecase/asset_usecase.go:58.16,60.3 1 0
final-project-enigma-clean/usecase/asset_usecase.go:63.2,64.16 2 0
final-project-enigma-clean/usecase/asset_usecase.go:64.16,66.3 1 0
final-project-enigma-clean/usecase/asset_usecase.go:69.2,72.16 4 0
final-project-enigma-clean/usecase/asset_usecase.go:72.16,74.3 1 0
final-project-enigma-clean/usecase/asset_usecase.go:76.2,76.12 1 0
final-project-enigma-clean/usecase/asset_usecase.go:80.48,83.16 2 0
final-project-enigma-clean/usecase/asset_usecase.go:83.16,85.3 1 0
final-project-enigma-clean/usecase/asset_usecase.go:87.2,88.16 2 0
final-project-enigma-clean/usecase/asset_usecase.go:88.16,90.3 1 0
final-project-enigma-clean/usecase/asset_usecase.go:92.2,92.12 1 0
final-project-enigma-clean/usecase/asset_usecase.go:96.57,98.16 2 0
final-project-enigma-clean/usecase/asset_usecase.go:98.16,100.3 1 0
final-project-enigma-clean/usecase/asset_usecase.go:101.2,101.20 1 0
final-project-enigma-clean/usecase/asset_usecase.go:105.65,107.16 2 0
final-project-enigma-clean/usecase/asset_usecase.go:107.16,109.3 1 0
final-project-enigma-clean/usecase/asset_usecase.go:111.2,111.19 1 0
final-project-enigma-clean/usecase/asset_usecase.go:115.65,116.24 1 0
final-project-enigma-clean/usecase/asset_usecase.go:116.24,118.3 1 0
final-project-enigma-clean/usecase/asset_usecase.go:119.2,119.59 1 0
final-project-enigma-clean/usecase/asset_usecase.go:119.59,121.3 1 0
final-project-enigma-clean/usecase/asset_usecase.go:122.2,122.24 1 0
final-project-enigma-clean/usecase/asset_usecase.go:122.24,124.3 1 0
final-project-enigma-clean/usecase/asset_usecase.go:125.2,125.26 1 0
final-project-enigma-clean/usecase/asset_usecase.go:125.26,127.3 1 0
final-project-enigma-clean/usecase/asset_usecase.go:130.2,131.16 2 0
final-project-enigma-clean/usecase/asset_usecase.go:131.16,133.3 1 0
final-project-enigma-clean/usecase/asset_usecase.go:136.2,137.16 2 0
final-project-enigma-clean/usecase/asset_usecase.go:137.16,139.3 1 0
final-project-enigma-clean/usecase/asset_usecase.go:141.2,142.16 2 0
final-project-enigma-clean/usecase/asset_usecase.go:142.16,144.3 1 0
final-project-enigma-clean/usecase/asset_usecase.go:146.2,147.16 2 0
final-project-enigma-clean/usecase/asset_usecase.go:147.16,149.3 1 0
final-project-enigma-clean/usecase/asset_usecase.go:151.2,151.12 1 0
final-project-enigma-clean/usecase/asset_usecase.go:154.131,160.2 1 0
final-project-enigma-clean/usecase/category_usecase.go:22.71,24.16 2 1
final-project-enigma-clean/usecase/category_usecase.go:24.16,26.3 1 1
final-project-enigma-clean/usecase/category_usecase.go:27.2,27.22 1 1
final-project-enigma-clean/usecase/category_usecase.go:32.67,33.24 1 1
final-project-enigma-clean/usecase/category_usecase.go:33.24,35.3 1 1
final-project-enigma-clean/usecase/category_usecase.go:39.2,40.16 2 1
final-project-enigma-clean/usecase/category_usecase.go:40.16,42.3 1 1
final-project-enigma-clean/usecase/category_usecase.go:43.2,43.12 1 1
final-project-enigma-clean/usecase/category_usecase.go:47.51,49.16 2 1
final-project-enigma-clean/usecase/category_usecase.go:49.16,51.3 1 1
final-project-enigma-clean/usecase/category_usecase.go:52.2,53.16 2 1
final-project-enigma-clean/usecase/category_usecase.go:53.16,55.3 1 1
final-project-enigma-clean/usecase/category_usecase.go:56.2,56.12 1 1
final-project-enigma-clean/usecase/category_usecase.go:60.63,62.16 2 1
final-project-enigma-clean/usecase/category_usecase.go:62.16,64.3 1 1
final-project-enigma-clean/usecase/category_usecase.go:65.2,65.22 1 1
final-project-enigma-clean/usecase/category_usecase.go:69.64,70.24 1 1
final-project-enigma-clean/usecase/category_usecase.go:70.24,72.3 1 1
final-project-enigma-clean/usecase/category_usecase.go:73.2,74.16 2 1
final-project-enigma-clean/usecase/category_usecase.go:74.16,76.3 1 1
final-project-enigma-clean/usecase/category_usecase.go:77.2,78.16 2 1
final-project-enigma-clean/usecase/category_usecase.go:78.16,80.3 1 1
final-project-enigma-clean/usecase/category_usecase.go:81.2,81.12 1 1
final-project-enigma-clean/usecase/category_usecase.go:84.77,88.2 1 1
final-project-enigma-clean/usecase/type_asset_usecase.go:26.73,28.16 2 0
final-project-enigma-clean/usecase/type_asset_usecase.go:28.16,30.3 1 0
final-project-enigma-clean/usecase/type_asset_usecase.go:31.2,31.23 1 0
final-project-enigma-clean/usecase/type_asset_usecase.go:36.69,37.24 1 0
final-project-enigma-clean/usecase/type_asset_usecase.go:37.24,39.3 1 0
final-project-enigma-clean/usecase/type_asset_usecase.go:40.2,42.16 3 0
final-project-enigma-clean/usecase/type_asset_usecase.go:42.16,44.3 1 0
final-project-enigma-clean/usecase/type_asset_usecase.go:45.2,45.12 1 0
final-project-enigma-clean/usecase/type_asset_usecase.go:49.52,51.16 2 0
final-project-enigma-clean/usecase/type_asset_usecase.go:51.16,53.3 1 0
final-project-enigma-clean/usecase/type_asset_usecase.go:54.2,55.16 2 0
final-project-enigma-clean/usecase/type_asset_usecase.go:55.16,57.3 1 0
final-project-enigma-clean/usecase/type_asset_usecase.go:58.2,58.12 1 0
final-project-enigma-clean/usecase/type_asset_usecase.go:62.65,64.16 2 0
final-project-enigma-clean/usecase/type_asset_usecase.go:64.16,66.3 1 0
final-project-enigma-clean/usecase/type_asset_usecase.go:67.2,67.23 1 0
final-project-enigma-clean/usecase/type_asset_usecase.go:71.79,73.16 2 0
final-project-enigma-clean/usecase/type_asset_usecase.go:73.16,75.3 1 0
final-project-enigma-clean/usecase/type_asset_usecase.go:76.2,76.23 1 0
final-project-enigma-clean/usecase/type_asset_usecase.go:81.99,83.2 1 0
final-project-enigma-clean/usecase/type_asset_usecase.go:86.66,87.24 1 0
final-project-enigma-clean/usecase/type_asset_usecase.go:87.24,89.3 1 0
final-project-enigma-clean/usecase/type_asset_usecase.go:90.2,91.16 2 0
final-project-enigma-clean/usecase/type_asset_usecase.go:91.16,93.3 1 0
final-project-enigma-clean/usecase/type_asset_usecase.go:94.2,95.16 2 0
final-project-enigma-clean/usecase/type_asset_usecase.go:95.16,97.3 1 0
final-project-enigma-clean/usecase/type_asset_usecase.go:98.2,98.12 1 0
final-project-enigma-clean/usecase/type_asset_usecase.go:101.80,105.2 1 0
final-project-enigma-clean/usecase/user-credentials-usecase.go:23.80,29.16 3 0
final-project-enigma-clean/usecase/user-credentials-usecase.go:29.16,31.56 2 0
final-project-enigma-clean/usecase/user-credentials-usecase.go:31.56,32.54 1 0
final-project-enigma-clean/usecase/user-credentials-usecase.go:32.54,34.10 2 0
final-project-enigma-clean/usecase/user-credentials-usecase.go:37.3,37.19 1 0
final-project-enigma-clean/usecase/user-credentials-usecase.go:37.19,40.4 2 0
final-project-enigma-clean/usecase/user-credentials-usecase.go:44.2,44.28 1 0
final-project-enigma-clean/usecase/user-credentials-usecase.go:44.28,46.3 1 0
final-project-enigma-clean/usecase/user-credentials-usecase.go:47.2,47.46 1 0
final-project-enigma-clean/usecase/user-credentials-usecase.go:47.46,49.3 1 0
final-project-enigma-clean/usecase/user-credentials-usecase.go:51.2,51.48 1 0
final-project-enigma-clean/usecase/user-credentials-usecase.go:51.48,53.3 1 0
final-project-enigma-clean/usecase/user-credentials-usecase.go:56.2,60.16 3 0
final-project-enigma-clean/usecase/user-credentials-usecase.go:60.16,62.3 1 0
final-project-enigma-clean/usecase/user-credentials-usecase.go:63.2,66.57 2 0
final-project-enigma-clean/usecase/user-credentials-usecase.go:66.57,68.3 1 0
final-project-enigma-clean/usecase/user-credentials-usecase.go:71.2,72.12 2 0
final-project-enigma-clean/usecase/user-credentials-usecase.go:76.89,80.27 1 0
final-project-enigma-clean/usecase/user-credentials-usecase.go:80.27,82.3 1 0
final-project-enigma-clean/usecase/user-credentials-usecase.go:85.2,86.16 2 0
final-project-enigma-clean/usecase/user-credentials-usecase.go:86.16,88.3 1 0
final-project-enigma-clean/usecase/user-credentials-usecase.go:91.2,91.81 1 0
final-project-enigma-clean/usecase/user-credentials-usecase.go:91.81,93.3 1 0
final-project-enigma-clean/usecase/user-credentials-usecase.go:96.2,96.21 1 0
final-project-enigma-clean/usecase/user-credentials-usecase.go:99.101,102.2 1 0
final-project-enigma-clean/usecase/user-credentials-usecase.go:104.104,108.2 1 0
