mode: set
final-project-enigma-clean/repository/user-details-repository.go:17.87,22.16 3 1
final-project-enigma-clean/repository/user-details-repository.go:25.2,25.12 1 1
final-project-enigma-clean/repository/user-details-repository.go:22.16,24.3 1 1
final-project-enigma-clean/repository/user-details-repository.go:28.65,32.2 1 1
final-project-enigma-clean/repository/user-repository.go:18.83,24.16 4 0
final-project-enigma-clean/repository/user-repository.go:29.2,29.24 1 0
final-project-enigma-clean/repository/user-repository.go:24.16,25.27 1 0
final-project-enigma-clean/repository/user-repository.go:25.27,27.4 1 0
final-project-enigma-clean/repository/user-repository.go:33.80,39.16 3 0
final-project-enigma-clean/repository/user-repository.go:42.2,42.12 1 0
final-project-enigma-clean/repository/user-repository.go:39.16,41.3 1 0
final-project-enigma-clean/repository/user-repository.go:45.51,49.2 1 0
