mode: set
final-project-enigma-clean/repository/asset_repository.go:22.74,30.16 3 0
final-project-enigma-clean/repository/asset_repository.go:30.16,32.3 1 0
final-project-enigma-clean/repository/asset_repository.go:34.2,35.18 2 0
final-project-enigma-clean/repository/asset_repository.go:35.18,39.3 3 0
final-project-enigma-clean/repository/asset_repository.go:40.2,40.23 1 0
final-project-enigma-clean/repository/asset_repository.go:40.23,42.3 1 0
final-project-enigma-clean/repository/asset_repository.go:44.2,44.20 1 0
final-project-enigma-clean/repository/asset_repository.go:49.51,54.16 3 1
final-project-enigma-clean/repository/asset_repository.go:54.16,56.3 1 1
final-project-enigma-clean/repository/asset_repository.go:58.2,58.12 1 1
final-project-enigma-clean/repository/asset_repository.go:62.60,71.16 3 1
final-project-enigma-clean/repository/asset_repository.go:71.16,73.3 1 1
final-project-enigma-clean/repository/asset_repository.go:75.2,76.18 2 1
final-project-enigma-clean/repository/asset_repository.go:76.18,80.3 3 1
final-project-enigma-clean/repository/asset_repository.go:81.2,81.23 1 1
final-project-enigma-clean/repository/asset_repository.go:81.23,83.3 1 1
final-project-enigma-clean/repository/asset_repository.go:85.2,85.20 1 1
final-project-enigma-clean/repository/asset_repository.go:89.68,99.16 5 1
final-project-enigma-clean/repository/asset_repository.go:99.16,101.3 1 1
final-project-enigma-clean/repository/asset_repository.go:103.2,103.19 1 1
final-project-enigma-clean/repository/asset_repository.go:107.64,111.16 3 1
final-project-enigma-clean/repository/asset_repository.go:111.16,113.3 1 1
final-project-enigma-clean/repository/asset_repository.go:115.2,115.12 1 1
final-project-enigma-clean/repository/asset_repository.go:119.66,123.16 3 1
final-project-enigma-clean/repository/asset_repository.go:123.16,125.3 1 1
final-project-enigma-clean/repository/asset_repository.go:127.2,127.12 1 1
final-project-enigma-clean/repository/asset_repository.go:130.53,134.2 1 1
final-project-enigma-clean/repository/category_repository.go:21.74,25.16 4 1
final-project-enigma-clean/repository/category_repository.go:25.16,27.3 1 1
final-project-enigma-clean/repository/category_repository.go:29.2,29.22 1 1
final-project-enigma-clean/repository/category_repository.go:34.54,36.16 2 1
final-project-enigma-clean/repository/category_repository.go:36.16,38.3 1 1
final-project-enigma-clean/repository/category_repository.go:39.2,39.12 1 1
final-project-enigma-clean/repository/category_repository.go:43.66,45.16 2 1
final-project-enigma-clean/repository/category_repository.go:45.16,47.3 1 1
final-project-enigma-clean/repository/category_repository.go:48.2,49.18 2 1
final-project-enigma-clean/repository/category_repository.go:49.18,53.3 3 1
final-project-enigma-clean/repository/category_repository.go:54.2,54.23 1 1
final-project-enigma-clean/repository/category_repository.go:54.23,56.3 1 1
final-project-enigma-clean/repository/category_repository.go:57.2,57.24 1 1
final-project-enigma-clean/repository/category_repository.go:61.66,63.16 2 1
final-project-enigma-clean/repository/category_repository.go:63.16,65.3 1 1
final-project-enigma-clean/repository/category_repository.go:66.2,66.12 1 1
final-project-enigma-clean/repository/category_repository.go:70.68,72.16 2 1
final-project-enigma-clean/repository/category_repository.go:72.16,74.3 1 1
final-project-enigma-clean/repository/category_repository.go:75.2,75.12 1 1
final-project-enigma-clean/repository/category_repository.go:78.59,82.2 1 1
final-project-enigma-clean/repository/type_asset_repository.go:25.76,29.16 4 0
final-project-enigma-clean/repository/type_asset_repository.go:29.16,31.3 1 0
final-project-enigma-clean/repository/type_asset_repository.go:33.2,33.23 1 0
final-project-enigma-clean/repository/type_asset_repository.go:38.55,40.16 2 0
final-project-enigma-clean/repository/type_asset_repository.go:40.16,42.3 1 0
final-project-enigma-clean/repository/type_asset_repository.go:43.2,43.12 1 0
final-project-enigma-clean/repository/type_asset_repository.go:47.68,49.16 2 0
final-project-enigma-clean/repository/type_asset_repository.go:49.16,51.3 1 0
final-project-enigma-clean/repository/type_asset_repository.go:52.2,53.18 2 0
final-project-enigma-clean/repository/type_asset_repository.go:53.18,56.17 3 0
final-project-enigma-clean/repository/type_asset_repository.go:56.17,58.4 1 0
final-project-enigma-clean/repository/type_asset_repository.go:59.3,59.45 1 0
final-project-enigma-clean/repository/type_asset_repository.go:61.2,61.24 1 0
final-project-enigma-clean/repository/type_asset_repository.go:65.82,67.16 2 0
final-project-enigma-clean/repository/type_asset_repository.go:67.16,69.3 1 0
final-project-enigma-clean/repository/type_asset_repository.go:70.2,71.18 2 0
final-project-enigma-clean/repository/type_asset_repository.go:71.18,77.17 3 0
final-project-enigma-clean/repository/type_asset_repository.go:77.17,79.4 1 0
final-project-enigma-clean/repository/type_asset_repository.go:81.2,81.24 1 0
final-project-enigma-clean/repository/type_asset_repository.go:86.102,87.23 1 0
final-project-enigma-clean/repository/type_asset_repository.go:87.23,89.3 1 0
final-project-enigma-clean/repository/type_asset_repository.go:90.2,92.16 3 0
final-project-enigma-clean/repository/type_asset_repository.go:92.16,94.3 1 0
final-project-enigma-clean/repository/type_asset_repository.go:96.2,97.18 2 0
final-project-enigma-clean/repository/type_asset_repository.go:97.18,100.17 3 0
final-project-enigma-clean/repository/type_asset_repository.go:100.17,102.4 1 0
final-project-enigma-clean/repository/type_asset_repository.go:103.3,103.45 1 0
final-project-enigma-clean/repository/type_asset_repository.go:105.2,107.41 3 0
final-project-enigma-clean/repository/type_asset_repository.go:107.41,109.3 1 0
final-project-enigma-clean/repository/type_asset_repository.go:111.2,118.32 2 0
final-project-enigma-clean/repository/type_asset_repository.go:123.69,125.16 2 0
final-project-enigma-clean/repository/type_asset_repository.go:125.16,127.3 1 0
final-project-enigma-clean/repository/type_asset_repository.go:128.2,128.12 1 0
final-project-enigma-clean/repository/type_asset_repository.go:132.71,134.16 2 0
final-project-enigma-clean/repository/type_asset_repository.go:134.16,136.3 1 0
final-project-enigma-clean/repository/type_asset_repository.go:137.2,137.12 1 0
final-project-enigma-clean/repository/type_asset_repository.go:140.61,144.2 1 0
final-project-enigma-clean/repository/user-credentials-repo-mock.go:12.96,15.2 2 0
final-project-enigma-clean/repository/user-credentials-repo-mock.go:17.110,20.2 2 0
final-project-enigma-clean/repository/user-credentials-repo-mock.go:22.92,25.2 2 0
final-project-enigma-clean/repository/user-credentials-repository.go:20.86,27.16 4 0
final-project-enigma-clean/repository/user-credentials-repository.go:27.16,29.3 1 0
final-project-enigma-clean/repository/user-credentials-repository.go:31.2,31.12 1 0
final-project-enigma-clean/repository/user-credentials-repository.go:35.90,41.16 4 0
final-project-enigma-clean/repository/user-credentials-repository.go:41.16,43.27 1 0
final-project-enigma-clean/repository/user-credentials-repository.go:43.27,45.4 1 0
final-project-enigma-clean/repository/user-credentials-repository.go:46.3,46.17 1 0
final-project-enigma-clean/repository/user-credentials-repository.go:48.2,48.28 1 0
final-project-enigma-clean/repository/user-credentials-repository.go:52.95,58.16 4 0
final-project-enigma-clean/repository/user-credentials-repository.go:58.16,60.27 1 0
final-project-enigma-clean/repository/user-credentials-repository.go:60.27,62.4 1 0
final-project-enigma-clean/repository/user-credentials-repository.go:63.3,63.86 1 0
final-project-enigma-clean/repository/user-credentials-repository.go:66.2,66.18 1 0
final-project-enigma-clean/repository/user-credentials-repository.go:69.69,73.2 1 0
